Mon Mar 11 11:05:01 2024       
+---------------------------------------------------------------------------------------+
| NVIDIA-SMI 545.23.08              Driver Version: 545.23.08    CUDA Version: 12.3     |
|-----------------------------------------+----------------------+----------------------+
| GPU  Name                 Persistence-M | Bus-Id        Disp.A | Volatile Uncorr. ECC |
| Fan  Temp   Perf          Pwr:Usage/Cap |         Memory-Usage | GPU-Util  Compute M. |
|                                         |                      |               MIG M. |
|=========================================+======================+======================|
|   0  NVIDIA TITAN Xp                Off | 00000000:02:00.0 Off |                  N/A |
| 33%   58C    P0              84W / 250W |      0MiB / 12288MiB |      0%      Default |
|                                         |                      |                  N/A |
+-----------------------------------------+----------------------+----------------------+
                                                                                         
+---------------------------------------------------------------------------------------+
| Processes:                                                                            |
|  GPU   GI   CI        PID   Type   Process name                            GPU Memory |
|        ID   ID                                                             Usage      |
|=======================================================================================|
|  No running processes found                                                           |
+---------------------------------------------------------------------------------------+


* * * Run SGD for ID = 28. * * *


2024-03-11 11:05:02.414189: I tensorflow/stream_executor/platform/default/dso_loader.cc:49] Successfully opened dynamic library libcudart.so.10.1
2024-03-11 11:05:08.712227: I tensorflow/compiler/jit/xla_cpu_device.cc:41] Not creating XLA devices, tf_xla_enable_xla_devices not set
2024-03-11 11:05:08.739947: I tensorflow/stream_executor/platform/default/dso_loader.cc:49] Successfully opened dynamic library libcuda.so.1
2024-03-11 11:05:08.796765: I tensorflow/core/common_runtime/gpu/gpu_device.cc:1720] Found device 0 with properties: 
pciBusID: 0000:02:00.0 name: NVIDIA TITAN Xp computeCapability: 6.1
coreClock: 1.582GHz coreCount: 30 deviceMemorySize: 11.90GiB deviceMemoryBandwidth: 510.07GiB/s
2024-03-11 11:05:08.796800: I tensorflow/stream_executor/platform/default/dso_loader.cc:49] Successfully opened dynamic library libcudart.so.10.1
2024-03-11 11:05:08.820619: I tensorflow/stream_executor/platform/default/dso_loader.cc:49] Successfully opened dynamic library libcublas.so.10
2024-03-11 11:05:08.820662: I tensorflow/stream_executor/platform/default/dso_loader.cc:49] Successfully opened dynamic library libcublasLt.so.10
2024-03-11 11:05:08.864333: I tensorflow/stream_executor/platform/default/dso_loader.cc:49] Successfully opened dynamic library libcufft.so.10
2024-03-11 11:05:08.948323: I tensorflow/stream_executor/platform/default/dso_loader.cc:49] Successfully opened dynamic library libcurand.so.10
2024-03-11 11:05:08.995884: I tensorflow/stream_executor/platform/default/dso_loader.cc:49] Successfully opened dynamic library libcusolver.so.10
2024-03-11 11:05:09.024102: I tensorflow/stream_executor/platform/default/dso_loader.cc:49] Successfully opened dynamic library libcusparse.so.10
2024-03-11 11:05:09.106613: I tensorflow/stream_executor/platform/default/dso_loader.cc:49] Successfully opened dynamic library libcudnn.so.7
2024-03-11 11:05:09.107539: I tensorflow/core/common_runtime/gpu/gpu_device.cc:1862] Adding visible gpu devices: 0
2024-03-11 11:05:09.107634: I tensorflow/compiler/jit/xla_cpu_device.cc:41] Not creating XLA devices, tf_xla_enable_xla_devices not set
<__array_function__ internals>:5: VisibleDeprecationWarning: Creating an ndarray from ragged nested sequences (which is a list-or-tuple of lists-or-tuples-or ndarrays with different lengths or shapes) is deprecated. If you meant to do this, you must specify 'dtype=object' when creating the ndarray
/home/gkb738/.conda/envs/TF_KERAS_GPU/lib/python3.9/site-packages/tensorflow/python/keras/datasets/imdb.py:159: VisibleDeprecationWarning: Creating an ndarray from ragged nested sequences (which is a list-or-tuple of lists-or-tuples-or ndarrays with different lengths or shapes) is deprecated. If you meant to do this, you must specify 'dtype=object' when creating the ndarray
  x_train, y_train = np.array(xs[:idx]), np.array(labels[:idx])
/home/gkb738/.conda/envs/TF_KERAS_GPU/lib/python3.9/site-packages/tensorflow/python/keras/datasets/imdb.py:160: VisibleDeprecationWarning: Creating an ndarray from ragged nested sequences (which is a list-or-tuple of lists-or-tuples-or ndarrays with different lengths or shapes) is deprecated. If you meant to do this, you must specify 'dtype=object' when creating the ndarray
  x_test, y_test = np.array(xs[idx:]), np.array(labels[idx:])
2024-03-11 11:05:14.833710: I tensorflow/core/platform/cpu_feature_guard.cc:142] This TensorFlow binary is optimized with oneAPI Deep Neural Network Library (oneDNN) to use the following CPU instructions in performance-critical operations:  SSE4.1 SSE4.2 AVX AVX2 FMA
To enable them in other operations, rebuild TensorFlow with the appropriate compiler flags.
2024-03-11 11:05:14.834235: I tensorflow/compiler/jit/xla_gpu_device.cc:99] Not creating XLA devices, tf_xla_enable_xla_devices not set
2024-03-11 11:05:14.834760: I tensorflow/core/common_runtime/gpu/gpu_device.cc:1720] Found device 0 with properties: 
pciBusID: 0000:02:00.0 name: NVIDIA TITAN Xp computeCapability: 6.1
coreClock: 1.582GHz coreCount: 30 deviceMemorySize: 11.90GiB deviceMemoryBandwidth: 510.07GiB/s
2024-03-11 11:05:14.834793: I tensorflow/stream_executor/platform/default/dso_loader.cc:49] Successfully opened dynamic library libcudart.so.10.1
2024-03-11 11:05:14.834840: I tensorflow/stream_executor/platform/default/dso_loader.cc:49] Successfully opened dynamic library libcublas.so.10
2024-03-11 11:05:14.834861: I tensorflow/stream_executor/platform/default/dso_loader.cc:49] Successfully opened dynamic library libcublasLt.so.10
2024-03-11 11:05:14.834881: I tensorflow/stream_executor/platform/default/dso_loader.cc:49] Successfully opened dynamic library libcufft.so.10
2024-03-11 11:05:14.834900: I tensorflow/stream_executor/platform/default/dso_loader.cc:49] Successfully opened dynamic library libcurand.so.10
2024-03-11 11:05:14.834920: I tensorflow/stream_executor/platform/default/dso_loader.cc:49] Successfully opened dynamic library libcusolver.so.10
2024-03-11 11:05:14.834940: I tensorflow/stream_executor/platform/default/dso_loader.cc:49] Successfully opened dynamic library libcusparse.so.10
2024-03-11 11:05:14.834961: I tensorflow/stream_executor/platform/default/dso_loader.cc:49] Successfully opened dynamic library libcudnn.so.7
2024-03-11 11:05:14.835495: I tensorflow/core/common_runtime/gpu/gpu_device.cc:1862] Adding visible gpu devices: 0
2024-03-11 11:05:14.835536: I tensorflow/stream_executor/platform/default/dso_loader.cc:49] Successfully opened dynamic library libcudart.so.10.1
2024-03-11 11:05:15.898700: I tensorflow/core/common_runtime/gpu/gpu_device.cc:1261] Device interconnect StreamExecutor with strength 1 edge matrix:
2024-03-11 11:05:15.898754: I tensorflow/core/common_runtime/gpu/gpu_device.cc:1267]      0 
2024-03-11 11:05:15.898771: I tensorflow/core/common_runtime/gpu/gpu_device.cc:1280] 0:   N 
2024-03-11 11:05:15.899792: I tensorflow/core/common_runtime/gpu/gpu_device.cc:1406] Created TensorFlow device (/job:localhost/replica:0/task:0/device:GPU:0 with 11217 MB memory) -> physical GPU (device: 0, name: NVIDIA TITAN Xp, pci bus id: 0000:02:00.0, compute capability: 6.1)
{'id': '28', 'seed': 28, 'out_folder': 'results/50_independent_wenzel_bootstr_hold_out_val', 'batch_size': 32, 'epochs': 10, 'validation_split': 0.2, 'checkpointing': True, 'hold_out_validation_split': 0.5, 'initial_lr': 0.1, 'momentum': 0.98, 'nesterov': True, 'bootstrapping': True, 'map_optimizer': True, 'model': 'CNN-LSTM', 'tf_version': '2.4.1', 'keras_version': '2.4.3', 'GPU': 'NVIDIA TITAN Xp'}
Loading data...
Pad sequences (samples x time)
25000 train sequences
4631 validation sequences
25000 test sequences
x_train shape: (25000, 100)
x_val shape: (4631, 100)
x_test shape: (25000, 100)
Using MAP optimizer with reg_weight:  4e-05
CNN-LSTM
0epoch [00:00, ?epoch/s]  0%|          | 0/10 [00:00<?, ?epoch/s]2024-03-11 11:05:16.336565: I tensorflow/compiler/mlir/mlir_graph_optimization_pass.cc:116] None of the MLIR optimization passes are enabled (registered 2)
2024-03-11 11:05:16.349179: I tensorflow/core/platform/profile_utils/cpu_utils.cc:112] CPU Frequency: 2199825000 Hz
2024-03-11 11:05:18.107497: I tensorflow/stream_executor/platform/default/dso_loader.cc:49] Successfully opened dynamic library libcublas.so.10
2024-03-11 11:05:18.285668: I tensorflow/stream_executor/platform/default/dso_loader.cc:49] Successfully opened dynamic library libcudnn.so.7
2024-03-11 11:05:19.097037: W tensorflow/stream_executor/gpu/asm_compiler.cc:63] Running ptxas --version returned 256
2024-03-11 11:05:19.167795: W tensorflow/stream_executor/gpu/redzone_allocator.cc:314] Internal: ptxas exited with non-zero error code 256, output: 
Relying on driver to perform ptx compilation. 
Modify $PATH to customize ptxas location.
This message will be only logged once.
 10%|█         | 1/10 [00:18<02:47, 18.60s/epoch, loss=0.617, accuracy=0.67, val_loss=0.599, val_accuracy=0.716] 20%|██        | 2/10 [00:30<01:54, 14.37s/epoch, loss=0.416, accuracy=0.86, val_loss=0.515, val_accuracy=0.824] 30%|███       | 3/10 [00:40<01:28, 12.62s/epoch, loss=0.39, accuracy=0.894, val_loss=0.53, val_accuracy=0.83]   40%|████      | 4/10 [00:50<01:09, 11.64s/epoch, loss=0.414, accuracy=0.906, val_loss=0.711, val_accuracy=0.824] 50%|█████     | 5/10 [01:00<00:55, 11.08s/epoch, loss=0.661, accuracy=0.818, val_loss=1, val_accuracy=0.668]     60%|██████    | 6/10 [01:10<00:42, 10.74s/epoch, loss=1.03, accuracy=0.634, val_loss=1.12, val_accuracy=0.537] 70%|███████   | 7/10 [01:20<00:31, 10.51s/epoch, loss=1.05, accuracy=0.615, val_loss=1.06, val_accuracy=0.622] 80%|████████  | 8/10 [01:31<00:20, 10.39s/epoch, loss=1.06, accuracy=0.573, val_loss=1.12, val_accuracy=0.511] 90%|█████████ | 9/10 [01:41<00:10, 10.28s/epoch, loss=1.02, accuracy=0.523, val_loss=0.97, val_accuracy=0.543]100%|██████████| 10/10 [01:50<00:00, 10.16s/epoch, loss=0.933, accuracy=0.578, val_loss=0.928, val_accuracy=0.582]100%|██████████| 10/10 [01:50<00:00, 11.09s/epoch, loss=0.933, accuracy=0.578, val_loss=0.928, val_accuracy=0.582]
Best model loaded from epoch:  3
Test score: 0.5354205369949341
Test accuracy: 0.8271999955177307
Val score: 0.5297032594680786
Val accuracy: 0.830274224281311
Holdout score: 0.5302484035491943
Holdout accuracy: 0.8315698504447937
