Mon Mar 11 11:00:38 2024       
+---------------------------------------------------------------------------------------+
| NVIDIA-SMI 545.23.08              Driver Version: 545.23.08    CUDA Version: 12.3     |
|-----------------------------------------+----------------------+----------------------+
| GPU  Name                 Persistence-M | Bus-Id        Disp.A | Volatile Uncorr. ECC |
| Fan  Temp   Perf          Pwr:Usage/Cap |         Memory-Usage | GPU-Util  Compute M. |
|                                         |                      |               MIG M. |
|=========================================+======================+======================|
|   0  NVIDIA TITAN Xp                Off | 00000000:03:00.0 Off |                  N/A |
| 33%   60C    P0              87W / 250W |      0MiB / 12288MiB |      0%      Default |
|                                         |                      |                  N/A |
+-----------------------------------------+----------------------+----------------------+
                                                                                         
+---------------------------------------------------------------------------------------+
| Processes:                                                                            |
|  GPU   GI   CI        PID   Type   Process name                            GPU Memory |
|        ID   ID                                                             Usage      |
|=======================================================================================|
|  No running processes found                                                           |
+---------------------------------------------------------------------------------------+


* * * Run SGD for ID = 12. * * *


2024-03-11 11:00:39.604741: I tensorflow/stream_executor/platform/default/dso_loader.cc:49] Successfully opened dynamic library libcudart.so.10.1
2024-03-11 11:00:45.866737: I tensorflow/compiler/jit/xla_cpu_device.cc:41] Not creating XLA devices, tf_xla_enable_xla_devices not set
2024-03-11 11:00:45.868386: I tensorflow/stream_executor/platform/default/dso_loader.cc:49] Successfully opened dynamic library libcuda.so.1
2024-03-11 11:00:45.907000: I tensorflow/core/common_runtime/gpu/gpu_device.cc:1720] Found device 0 with properties: 
pciBusID: 0000:03:00.0 name: NVIDIA TITAN Xp computeCapability: 6.1
coreClock: 1.582GHz coreCount: 30 deviceMemorySize: 11.90GiB deviceMemoryBandwidth: 510.07GiB/s
2024-03-11 11:00:45.907032: I tensorflow/stream_executor/platform/default/dso_loader.cc:49] Successfully opened dynamic library libcudart.so.10.1
2024-03-11 11:00:45.950787: I tensorflow/stream_executor/platform/default/dso_loader.cc:49] Successfully opened dynamic library libcublas.so.10
2024-03-11 11:00:45.950877: I tensorflow/stream_executor/platform/default/dso_loader.cc:49] Successfully opened dynamic library libcublasLt.so.10
2024-03-11 11:00:45.997387: I tensorflow/stream_executor/platform/default/dso_loader.cc:49] Successfully opened dynamic library libcufft.so.10
2024-03-11 11:00:46.060807: I tensorflow/stream_executor/platform/default/dso_loader.cc:49] Successfully opened dynamic library libcurand.so.10
2024-03-11 11:00:46.102281: I tensorflow/stream_executor/platform/default/dso_loader.cc:49] Successfully opened dynamic library libcusolver.so.10
2024-03-11 11:00:46.133582: I tensorflow/stream_executor/platform/default/dso_loader.cc:49] Successfully opened dynamic library libcusparse.so.10
2024-03-11 11:00:46.218202: I tensorflow/stream_executor/platform/default/dso_loader.cc:49] Successfully opened dynamic library libcudnn.so.7
2024-03-11 11:00:46.219016: I tensorflow/core/common_runtime/gpu/gpu_device.cc:1862] Adding visible gpu devices: 0
2024-03-11 11:00:46.219102: I tensorflow/compiler/jit/xla_cpu_device.cc:41] Not creating XLA devices, tf_xla_enable_xla_devices not set
<__array_function__ internals>:5: VisibleDeprecationWarning: Creating an ndarray from ragged nested sequences (which is a list-or-tuple of lists-or-tuples-or ndarrays with different lengths or shapes) is deprecated. If you meant to do this, you must specify 'dtype=object' when creating the ndarray
/home/gkb738/.conda/envs/TF_KERAS_GPU/lib/python3.9/site-packages/tensorflow/python/keras/datasets/imdb.py:159: VisibleDeprecationWarning: Creating an ndarray from ragged nested sequences (which is a list-or-tuple of lists-or-tuples-or ndarrays with different lengths or shapes) is deprecated. If you meant to do this, you must specify 'dtype=object' when creating the ndarray
  x_train, y_train = np.array(xs[:idx]), np.array(labels[:idx])
/home/gkb738/.conda/envs/TF_KERAS_GPU/lib/python3.9/site-packages/tensorflow/python/keras/datasets/imdb.py:160: VisibleDeprecationWarning: Creating an ndarray from ragged nested sequences (which is a list-or-tuple of lists-or-tuples-or ndarrays with different lengths or shapes) is deprecated. If you meant to do this, you must specify 'dtype=object' when creating the ndarray
  x_test, y_test = np.array(xs[idx:]), np.array(labels[idx:])
2024-03-11 11:00:51.825203: I tensorflow/core/platform/cpu_feature_guard.cc:142] This TensorFlow binary is optimized with oneAPI Deep Neural Network Library (oneDNN) to use the following CPU instructions in performance-critical operations:  SSE4.1 SSE4.2 AVX AVX2 FMA
To enable them in other operations, rebuild TensorFlow with the appropriate compiler flags.
2024-03-11 11:00:51.825707: I tensorflow/compiler/jit/xla_gpu_device.cc:99] Not creating XLA devices, tf_xla_enable_xla_devices not set
2024-03-11 11:00:51.854886: I tensorflow/core/common_runtime/gpu/gpu_device.cc:1720] Found device 0 with properties: 
pciBusID: 0000:03:00.0 name: NVIDIA TITAN Xp computeCapability: 6.1
coreClock: 1.582GHz coreCount: 30 deviceMemorySize: 11.90GiB deviceMemoryBandwidth: 510.07GiB/s
2024-03-11 11:00:51.854927: I tensorflow/stream_executor/platform/default/dso_loader.cc:49] Successfully opened dynamic library libcudart.so.10.1
2024-03-11 11:00:51.854974: I tensorflow/stream_executor/platform/default/dso_loader.cc:49] Successfully opened dynamic library libcublas.so.10
2024-03-11 11:00:51.854996: I tensorflow/stream_executor/platform/default/dso_loader.cc:49] Successfully opened dynamic library libcublasLt.so.10
2024-03-11 11:00:51.855015: I tensorflow/stream_executor/platform/default/dso_loader.cc:49] Successfully opened dynamic library libcufft.so.10
2024-03-11 11:00:51.855035: I tensorflow/stream_executor/platform/default/dso_loader.cc:49] Successfully opened dynamic library libcurand.so.10
2024-03-11 11:00:51.855054: I tensorflow/stream_executor/platform/default/dso_loader.cc:49] Successfully opened dynamic library libcusolver.so.10
2024-03-11 11:00:51.855073: I tensorflow/stream_executor/platform/default/dso_loader.cc:49] Successfully opened dynamic library libcusparse.so.10
2024-03-11 11:00:51.855092: I tensorflow/stream_executor/platform/default/dso_loader.cc:49] Successfully opened dynamic library libcudnn.so.7
2024-03-11 11:00:51.942649: I tensorflow/core/common_runtime/gpu/gpu_device.cc:1862] Adding visible gpu devices: 0
2024-03-11 11:00:51.942731: I tensorflow/stream_executor/platform/default/dso_loader.cc:49] Successfully opened dynamic library libcudart.so.10.1
2024-03-11 11:00:52.900491: I tensorflow/core/common_runtime/gpu/gpu_device.cc:1261] Device interconnect StreamExecutor with strength 1 edge matrix:
2024-03-11 11:00:52.900519: I tensorflow/core/common_runtime/gpu/gpu_device.cc:1267]      0 
2024-03-11 11:00:52.900528: I tensorflow/core/common_runtime/gpu/gpu_device.cc:1280] 0:   N 
2024-03-11 11:00:52.903851: I tensorflow/core/common_runtime/gpu/gpu_device.cc:1406] Created TensorFlow device (/job:localhost/replica:0/task:0/device:GPU:0 with 11217 MB memory) -> physical GPU (device: 0, name: NVIDIA TITAN Xp, pci bus id: 0000:03:00.0, compute capability: 6.1)
{'id': '12', 'seed': 12, 'out_folder': 'results/50_independent_wenzel_bootstr_hold_out_val', 'batch_size': 32, 'epochs': 10, 'validation_split': 0.2, 'checkpointing': True, 'hold_out_validation_split': 0.5, 'initial_lr': 0.1, 'momentum': 0.98, 'nesterov': True, 'bootstrapping': True, 'map_optimizer': True, 'model': 'CNN-LSTM', 'tf_version': '2.4.1', 'keras_version': '2.4.3', 'GPU': 'NVIDIA TITAN Xp'}
Loading data...
Pad sequences (samples x time)
25000 train sequences
4598 validation sequences
25000 test sequences
x_train shape: (25000, 100)
x_val shape: (4598, 100)
x_test shape: (25000, 100)
Using MAP optimizer with reg_weight:  4e-05
CNN-LSTM
0epoch [00:00, ?epoch/s]  0%|          | 0/10 [00:00<?, ?epoch/s]2024-03-11 11:00:53.324937: I tensorflow/compiler/mlir/mlir_graph_optimization_pass.cc:116] None of the MLIR optimization passes are enabled (registered 2)
2024-03-11 11:00:53.325379: I tensorflow/core/platform/profile_utils/cpu_utils.cc:112] CPU Frequency: 2199945000 Hz
2024-03-11 11:00:55.054961: I tensorflow/stream_executor/platform/default/dso_loader.cc:49] Successfully opened dynamic library libcublas.so.10
2024-03-11 11:00:55.246250: I tensorflow/stream_executor/platform/default/dso_loader.cc:49] Successfully opened dynamic library libcudnn.so.7
2024-03-11 11:00:56.113752: W tensorflow/stream_executor/gpu/asm_compiler.cc:63] Running ptxas --version returned 256
2024-03-11 11:00:56.155477: W tensorflow/stream_executor/gpu/redzone_allocator.cc:314] Internal: ptxas exited with non-zero error code 256, output: 
Relying on driver to perform ptx compilation. 
Modify $PATH to customize ptxas location.
This message will be only logged once.
 10%|█         | 1/10 [00:16<02:28, 16.51s/epoch, loss=0.603, accuracy=0.691, val_loss=0.469, val_accuracy=0.811] 20%|██        | 2/10 [00:25<01:38, 12.34s/epoch, loss=0.421, accuracy=0.855, val_loss=0.524, val_accuracy=0.827] 30%|███       | 3/10 [00:35<01:16, 11.00s/epoch, loss=0.429, accuracy=0.878, val_loss=0.604, val_accuracy=0.811] 40%|████      | 4/10 [00:44<01:01, 10.30s/epoch, loss=0.796, accuracy=0.722, val_loss=1.02, val_accuracy=0.58]   50%|█████     | 5/10 [00:53<00:49,  9.96s/epoch, loss=1.02, accuracy=0.61, val_loss=1.03, val_accuracy=0.625]  60%|██████    | 6/10 [01:03<00:38,  9.75s/epoch, loss=0.992, accuracy=0.622, val_loss=1.04, val_accuracy=0.584] 70%|███████   | 7/10 [01:12<00:28,  9.62s/epoch, loss=0.956, accuracy=0.616, val_loss=0.958, val_accuracy=0.613] 80%|████████  | 8/10 [01:21<00:19,  9.52s/epoch, loss=0.926, accuracy=0.625, val_loss=1.13, val_accuracy=0.502]  90%|█████████ | 9/10 [01:31<00:09,  9.47s/epoch, loss=0.898, accuracy=0.625, val_loss=1.11, val_accuracy=0.554]100%|██████████| 10/10 [01:40<00:00,  9.40s/epoch, loss=0.999, accuracy=0.571, val_loss=1.04, val_accuracy=0.498]100%|██████████| 10/10 [01:40<00:00, 10.05s/epoch, loss=0.999, accuracy=0.571, val_loss=1.04, val_accuracy=0.498]
Best model loaded from epoch:  2
Test score: 0.5389077067375183
Test accuracy: 0.8220800161361694
Val score: 0.5238471627235413
Val accuracy: 0.8270987272262573
Holdout score: 0.5380940437316895
Holdout accuracy: 0.8218790888786316
