Mon Mar 11 11:02:52 2024       
+---------------------------------------------------------------------------------------+
| NVIDIA-SMI 545.23.08              Driver Version: 545.23.08    CUDA Version: 12.3     |
|-----------------------------------------+----------------------+----------------------+
| GPU  Name                 Persistence-M | Bus-Id        Disp.A | Volatile Uncorr. ECC |
| Fan  Temp   Perf          Pwr:Usage/Cap |         Memory-Usage | GPU-Util  Compute M. |
|                                         |                      |               MIG M. |
|=========================================+======================+======================|
|   0  NVIDIA TITAN Xp                Off | 00000000:02:00.0 Off |                  N/A |
| 34%   55C    P0              74W / 250W |      0MiB / 12288MiB |    100%      Default |
|                                         |                      |                  N/A |
+-----------------------------------------+----------------------+----------------------+
                                                                                         
+---------------------------------------------------------------------------------------+
| Processes:                                                                            |
|  GPU   GI   CI        PID   Type   Process name                            GPU Memory |
|        ID   ID                                                             Usage      |
|=======================================================================================|
|  No running processes found                                                           |
+---------------------------------------------------------------------------------------+


* * * Run SGD for ID = 22. * * *


2024-03-11 11:02:52.611630: I tensorflow/stream_executor/platform/default/dso_loader.cc:49] Successfully opened dynamic library libcudart.so.10.1
2024-03-11 11:02:57.937543: I tensorflow/compiler/jit/xla_cpu_device.cc:41] Not creating XLA devices, tf_xla_enable_xla_devices not set
2024-03-11 11:02:57.938658: I tensorflow/stream_executor/platform/default/dso_loader.cc:49] Successfully opened dynamic library libcuda.so.1
2024-03-11 11:02:57.980018: I tensorflow/core/common_runtime/gpu/gpu_device.cc:1720] Found device 0 with properties: 
pciBusID: 0000:02:00.0 name: NVIDIA TITAN Xp computeCapability: 6.1
coreClock: 1.582GHz coreCount: 30 deviceMemorySize: 11.90GiB deviceMemoryBandwidth: 510.07GiB/s
2024-03-11 11:02:57.980058: I tensorflow/stream_executor/platform/default/dso_loader.cc:49] Successfully opened dynamic library libcudart.so.10.1
2024-03-11 11:02:58.009925: I tensorflow/stream_executor/platform/default/dso_loader.cc:49] Successfully opened dynamic library libcublas.so.10
2024-03-11 11:02:58.009978: I tensorflow/stream_executor/platform/default/dso_loader.cc:49] Successfully opened dynamic library libcublasLt.so.10
2024-03-11 11:02:58.058205: I tensorflow/stream_executor/platform/default/dso_loader.cc:49] Successfully opened dynamic library libcufft.so.10
2024-03-11 11:02:58.137312: I tensorflow/stream_executor/platform/default/dso_loader.cc:49] Successfully opened dynamic library libcurand.so.10
2024-03-11 11:02:58.178795: I tensorflow/stream_executor/platform/default/dso_loader.cc:49] Successfully opened dynamic library libcusolver.so.10
2024-03-11 11:02:58.211760: I tensorflow/stream_executor/platform/default/dso_loader.cc:49] Successfully opened dynamic library libcusparse.so.10
2024-03-11 11:02:58.308787: I tensorflow/stream_executor/platform/default/dso_loader.cc:49] Successfully opened dynamic library libcudnn.so.7
2024-03-11 11:02:58.309537: I tensorflow/core/common_runtime/gpu/gpu_device.cc:1862] Adding visible gpu devices: 0
2024-03-11 11:02:58.309640: I tensorflow/compiler/jit/xla_cpu_device.cc:41] Not creating XLA devices, tf_xla_enable_xla_devices not set
<__array_function__ internals>:5: VisibleDeprecationWarning: Creating an ndarray from ragged nested sequences (which is a list-or-tuple of lists-or-tuples-or ndarrays with different lengths or shapes) is deprecated. If you meant to do this, you must specify 'dtype=object' when creating the ndarray
/home/gkb738/.conda/envs/TF_KERAS_GPU/lib/python3.9/site-packages/tensorflow/python/keras/datasets/imdb.py:159: VisibleDeprecationWarning: Creating an ndarray from ragged nested sequences (which is a list-or-tuple of lists-or-tuples-or ndarrays with different lengths or shapes) is deprecated. If you meant to do this, you must specify 'dtype=object' when creating the ndarray
  x_train, y_train = np.array(xs[:idx]), np.array(labels[:idx])
/home/gkb738/.conda/envs/TF_KERAS_GPU/lib/python3.9/site-packages/tensorflow/python/keras/datasets/imdb.py:160: VisibleDeprecationWarning: Creating an ndarray from ragged nested sequences (which is a list-or-tuple of lists-or-tuples-or ndarrays with different lengths or shapes) is deprecated. If you meant to do this, you must specify 'dtype=object' when creating the ndarray
  x_test, y_test = np.array(xs[idx:]), np.array(labels[idx:])
2024-03-11 11:03:03.627649: I tensorflow/core/platform/cpu_feature_guard.cc:142] This TensorFlow binary is optimized with oneAPI Deep Neural Network Library (oneDNN) to use the following CPU instructions in performance-critical operations:  SSE4.1 SSE4.2 AVX AVX2 FMA
To enable them in other operations, rebuild TensorFlow with the appropriate compiler flags.
2024-03-11 11:03:03.628151: I tensorflow/compiler/jit/xla_gpu_device.cc:99] Not creating XLA devices, tf_xla_enable_xla_devices not set
2024-03-11 11:03:03.628715: I tensorflow/core/common_runtime/gpu/gpu_device.cc:1720] Found device 0 with properties: 
pciBusID: 0000:02:00.0 name: NVIDIA TITAN Xp computeCapability: 6.1
coreClock: 1.582GHz coreCount: 30 deviceMemorySize: 11.90GiB deviceMemoryBandwidth: 510.07GiB/s
2024-03-11 11:03:03.628749: I tensorflow/stream_executor/platform/default/dso_loader.cc:49] Successfully opened dynamic library libcudart.so.10.1
2024-03-11 11:03:03.628796: I tensorflow/stream_executor/platform/default/dso_loader.cc:49] Successfully opened dynamic library libcublas.so.10
2024-03-11 11:03:03.628816: I tensorflow/stream_executor/platform/default/dso_loader.cc:49] Successfully opened dynamic library libcublasLt.so.10
2024-03-11 11:03:03.628836: I tensorflow/stream_executor/platform/default/dso_loader.cc:49] Successfully opened dynamic library libcufft.so.10
2024-03-11 11:03:03.628855: I tensorflow/stream_executor/platform/default/dso_loader.cc:49] Successfully opened dynamic library libcurand.so.10
2024-03-11 11:03:03.628874: I tensorflow/stream_executor/platform/default/dso_loader.cc:49] Successfully opened dynamic library libcusolver.so.10
2024-03-11 11:03:03.628892: I tensorflow/stream_executor/platform/default/dso_loader.cc:49] Successfully opened dynamic library libcusparse.so.10
2024-03-11 11:03:03.628911: I tensorflow/stream_executor/platform/default/dso_loader.cc:49] Successfully opened dynamic library libcudnn.so.7
2024-03-11 11:03:03.629426: I tensorflow/core/common_runtime/gpu/gpu_device.cc:1862] Adding visible gpu devices: 0
2024-03-11 11:03:03.629457: I tensorflow/stream_executor/platform/default/dso_loader.cc:49] Successfully opened dynamic library libcudart.so.10.1
2024-03-11 11:03:04.698043: I tensorflow/core/common_runtime/gpu/gpu_device.cc:1261] Device interconnect StreamExecutor with strength 1 edge matrix:
2024-03-11 11:03:04.698120: I tensorflow/core/common_runtime/gpu/gpu_device.cc:1267]      0 
2024-03-11 11:03:04.698135: I tensorflow/core/common_runtime/gpu/gpu_device.cc:1280] 0:   N 
2024-03-11 11:03:04.699048: I tensorflow/core/common_runtime/gpu/gpu_device.cc:1406] Created TensorFlow device (/job:localhost/replica:0/task:0/device:GPU:0 with 11217 MB memory) -> physical GPU (device: 0, name: NVIDIA TITAN Xp, pci bus id: 0000:02:00.0, compute capability: 6.1)
{'id': '22', 'seed': 22, 'out_folder': 'results/50_independent_wenzel_bootstr_hold_out_val', 'batch_size': 32, 'epochs': 10, 'validation_split': 0.2, 'checkpointing': True, 'hold_out_validation_split': 0.5, 'initial_lr': 0.1, 'momentum': 0.98, 'nesterov': True, 'bootstrapping': True, 'map_optimizer': True, 'model': 'CNN-LSTM', 'tf_version': '2.4.1', 'keras_version': '2.4.3', 'GPU': 'NVIDIA TITAN Xp'}
Loading data...
Pad sequences (samples x time)
25000 train sequences
4607 validation sequences
25000 test sequences
x_train shape: (25000, 100)
x_val shape: (4607, 100)
x_test shape: (25000, 100)
Using MAP optimizer with reg_weight:  4e-05
CNN-LSTM
0epoch [00:00, ?epoch/s]  0%|          | 0/10 [00:00<?, ?epoch/s]2024-03-11 11:03:05.115629: I tensorflow/compiler/mlir/mlir_graph_optimization_pass.cc:116] None of the MLIR optimization passes are enabled (registered 2)
2024-03-11 11:03:05.116140: I tensorflow/core/platform/profile_utils/cpu_utils.cc:112] CPU Frequency: 2199825000 Hz
2024-03-11 11:03:06.763430: I tensorflow/stream_executor/platform/default/dso_loader.cc:49] Successfully opened dynamic library libcublas.so.10
2024-03-11 11:03:06.951820: I tensorflow/stream_executor/platform/default/dso_loader.cc:49] Successfully opened dynamic library libcudnn.so.7
2024-03-11 11:03:07.926611: W tensorflow/stream_executor/gpu/asm_compiler.cc:63] Running ptxas --version returned 256
2024-03-11 11:03:07.957832: W tensorflow/stream_executor/gpu/redzone_allocator.cc:314] Internal: ptxas exited with non-zero error code 256, output: 
Relying on driver to perform ptx compilation. 
Modify $PATH to customize ptxas location.
This message will be only logged once.
 10%|█         | 1/10 [00:18<02:47, 18.64s/epoch, loss=0.611, accuracy=0.669, val_loss=0.47, val_accuracy=0.818] 20%|██        | 2/10 [00:28<01:48, 13.53s/epoch, loss=0.404, accuracy=0.864, val_loss=0.5, val_accuracy=0.826]  30%|███       | 3/10 [00:39<01:25, 12.23s/epoch, loss=0.379, accuracy=0.897, val_loss=0.581, val_accuracy=0.827] 40%|████      | 4/10 [00:49<01:07, 11.29s/epoch, loss=0.452, accuracy=0.887, val_loss=0.727, val_accuracy=0.782] 50%|█████     | 5/10 [00:58<00:53, 10.74s/epoch, loss=0.908, accuracy=0.709, val_loss=1.15, val_accuracy=0.559]  60%|██████    | 6/10 [01:08<00:41, 10.42s/epoch, loss=1.08, accuracy=0.595, val_loss=1.15, val_accuracy=0.532]  70%|███████   | 7/10 [01:18<00:30, 10.16s/epoch, loss=1.06, accuracy=0.546, val_loss=1.02, val_accuracy=0.514] 80%|████████  | 8/10 [01:28<00:20, 10.02s/epoch, loss=0.991, accuracy=0.595, val_loss=0.992, val_accuracy=0.613] 90%|█████████ | 9/10 [01:37<00:09,  9.90s/epoch, loss=0.974, accuracy=0.584, val_loss=0.967, val_accuracy=0.519]100%|██████████| 10/10 [01:47<00:00,  9.84s/epoch, loss=0.954, accuracy=0.567, val_loss=0.93, val_accuracy=0.598]100%|██████████| 10/10 [01:47<00:00, 10.74s/epoch, loss=0.954, accuracy=0.567, val_loss=0.93, val_accuracy=0.598]
Best model loaded from epoch:  3
Test score: 0.5758070945739746
Test accuracy: 0.823360025882721
Val score: 0.5814608335494995
Val accuracy: 0.8274365067481995
Holdout score: 0.5699044466018677
Holdout accuracy: 0.8226611614227295
