Mon Mar 11 15:12:50 2024       
+---------------------------------------------------------------------------------------+
| NVIDIA-SMI 545.23.08              Driver Version: 545.23.08    CUDA Version: 12.3     |
|-----------------------------------------+----------------------+----------------------+
| GPU  Name                 Persistence-M | Bus-Id        Disp.A | Volatile Uncorr. ECC |
| Fan  Temp   Perf          Pwr:Usage/Cap |         Memory-Usage | GPU-Util  Compute M. |
|                                         |                      |               MIG M. |
|=========================================+======================+======================|
|   0  NVIDIA TITAN X (Pascal)        Off | 00000000:83:00.0 Off |                  N/A |
| 24%   47C    P0              82W / 250W |      0MiB / 12288MiB |     42%      Default |
|                                         |                      |                  N/A |
+-----------------------------------------+----------------------+----------------------+
                                                                                         
+---------------------------------------------------------------------------------------+
| Processes:                                                                            |
|  GPU   GI   CI        PID   Type   Process name                            GPU Memory |
|        ID   ID                                                             Usage      |
|=======================================================================================|
|  No running processes found                                                           |
+---------------------------------------------------------------------------------------+


* * * Run SGD for ID = 12. * * *


2024-03-11 15:12:51.376484: I tensorflow/stream_executor/platform/default/dso_loader.cc:49] Successfully opened dynamic library libcudart.so.10.1
2024-03-11 15:12:58.361685: I tensorflow/compiler/jit/xla_cpu_device.cc:41] Not creating XLA devices, tf_xla_enable_xla_devices not set
2024-03-11 15:12:58.362909: I tensorflow/stream_executor/platform/default/dso_loader.cc:49] Successfully opened dynamic library libcuda.so.1
2024-03-11 15:12:58.414485: I tensorflow/core/common_runtime/gpu/gpu_device.cc:1720] Found device 0 with properties: 
pciBusID: 0000:83:00.0 name: NVIDIA TITAN X (Pascal) computeCapability: 6.1
coreClock: 1.531GHz coreCount: 28 deviceMemorySize: 11.90GiB deviceMemoryBandwidth: 447.48GiB/s
2024-03-11 15:12:58.414531: I tensorflow/stream_executor/platform/default/dso_loader.cc:49] Successfully opened dynamic library libcudart.so.10.1
2024-03-11 15:12:58.449271: I tensorflow/stream_executor/platform/default/dso_loader.cc:49] Successfully opened dynamic library libcublas.so.10
2024-03-11 15:12:58.449351: I tensorflow/stream_executor/platform/default/dso_loader.cc:49] Successfully opened dynamic library libcublasLt.so.10
2024-03-11 15:12:58.464691: I tensorflow/stream_executor/platform/default/dso_loader.cc:49] Successfully opened dynamic library libcufft.so.10
2024-03-11 15:12:58.524722: I tensorflow/stream_executor/platform/default/dso_loader.cc:49] Successfully opened dynamic library libcurand.so.10
2024-03-11 15:12:58.560130: I tensorflow/stream_executor/platform/default/dso_loader.cc:49] Successfully opened dynamic library libcusolver.so.10
2024-03-11 15:12:58.585500: I tensorflow/stream_executor/platform/default/dso_loader.cc:49] Successfully opened dynamic library libcusparse.so.10
2024-03-11 15:12:58.661624: I tensorflow/stream_executor/platform/default/dso_loader.cc:49] Successfully opened dynamic library libcudnn.so.7
2024-03-11 15:12:58.662881: I tensorflow/core/common_runtime/gpu/gpu_device.cc:1862] Adding visible gpu devices: 0
2024-03-11 15:12:58.663001: I tensorflow/compiler/jit/xla_cpu_device.cc:41] Not creating XLA devices, tf_xla_enable_xla_devices not set
<__array_function__ internals>:5: VisibleDeprecationWarning: Creating an ndarray from ragged nested sequences (which is a list-or-tuple of lists-or-tuples-or ndarrays with different lengths or shapes) is deprecated. If you meant to do this, you must specify 'dtype=object' when creating the ndarray
/home/gkb738/.conda/envs/TF_KERAS_GPU/lib/python3.9/site-packages/tensorflow/python/keras/datasets/imdb.py:159: VisibleDeprecationWarning: Creating an ndarray from ragged nested sequences (which is a list-or-tuple of lists-or-tuples-or ndarrays with different lengths or shapes) is deprecated. If you meant to do this, you must specify 'dtype=object' when creating the ndarray
  x_train, y_train = np.array(xs[:idx]), np.array(labels[:idx])
/home/gkb738/.conda/envs/TF_KERAS_GPU/lib/python3.9/site-packages/tensorflow/python/keras/datasets/imdb.py:160: VisibleDeprecationWarning: Creating an ndarray from ragged nested sequences (which is a list-or-tuple of lists-or-tuples-or ndarrays with different lengths or shapes) is deprecated. If you meant to do this, you must specify 'dtype=object' when creating the ndarray
  x_test, y_test = np.array(xs[idx:]), np.array(labels[idx:])
2024-03-11 15:13:03.294316: I tensorflow/core/platform/cpu_feature_guard.cc:142] This TensorFlow binary is optimized with oneAPI Deep Neural Network Library (oneDNN) to use the following CPU instructions in performance-critical operations:  SSE4.1 SSE4.2 AVX AVX2 FMA
To enable them in other operations, rebuild TensorFlow with the appropriate compiler flags.
2024-03-11 15:13:03.294746: I tensorflow/compiler/jit/xla_gpu_device.cc:99] Not creating XLA devices, tf_xla_enable_xla_devices not set
2024-03-11 15:13:03.295458: I tensorflow/core/common_runtime/gpu/gpu_device.cc:1720] Found device 0 with properties: 
pciBusID: 0000:83:00.0 name: NVIDIA TITAN X (Pascal) computeCapability: 6.1
coreClock: 1.531GHz coreCount: 28 deviceMemorySize: 11.90GiB deviceMemoryBandwidth: 447.48GiB/s
2024-03-11 15:13:03.295489: I tensorflow/stream_executor/platform/default/dso_loader.cc:49] Successfully opened dynamic library libcudart.so.10.1
2024-03-11 15:13:03.295538: I tensorflow/stream_executor/platform/default/dso_loader.cc:49] Successfully opened dynamic library libcublas.so.10
2024-03-11 15:13:03.295557: I tensorflow/stream_executor/platform/default/dso_loader.cc:49] Successfully opened dynamic library libcublasLt.so.10
2024-03-11 15:13:03.295574: I tensorflow/stream_executor/platform/default/dso_loader.cc:49] Successfully opened dynamic library libcufft.so.10
2024-03-11 15:13:03.295591: I tensorflow/stream_executor/platform/default/dso_loader.cc:49] Successfully opened dynamic library libcurand.so.10
2024-03-11 15:13:03.295607: I tensorflow/stream_executor/platform/default/dso_loader.cc:49] Successfully opened dynamic library libcusolver.so.10
2024-03-11 15:13:03.295624: I tensorflow/stream_executor/platform/default/dso_loader.cc:49] Successfully opened dynamic library libcusparse.so.10
2024-03-11 15:13:03.295641: I tensorflow/stream_executor/platform/default/dso_loader.cc:49] Successfully opened dynamic library libcudnn.so.7
2024-03-11 15:13:03.296073: I tensorflow/core/common_runtime/gpu/gpu_device.cc:1862] Adding visible gpu devices: 0
2024-03-11 15:13:03.296103: I tensorflow/stream_executor/platform/default/dso_loader.cc:49] Successfully opened dynamic library libcudart.so.10.1
2024-03-11 15:13:04.337273: I tensorflow/core/common_runtime/gpu/gpu_device.cc:1261] Device interconnect StreamExecutor with strength 1 edge matrix:
2024-03-11 15:13:04.337324: I tensorflow/core/common_runtime/gpu/gpu_device.cc:1267]      0 
2024-03-11 15:13:04.337337: I tensorflow/core/common_runtime/gpu/gpu_device.cc:1280] 0:   N 
2024-03-11 15:13:04.338275: I tensorflow/core/common_runtime/gpu/gpu_device.cc:1406] Created TensorFlow device (/job:localhost/replica:0/task:0/device:GPU:0 with 11227 MB memory) -> physical GPU (device: 0, name: NVIDIA TITAN X (Pascal), pci bus id: 0000:83:00.0, compute capability: 6.1)
{'id': '12', 'seed': 12, 'out_folder': 'results/50_independent_wenzel_no_checkp_val', 'batch_size': 32, 'epochs': 2, 'validation_split': 0.2, 'checkpointing': False, 'checkpoint_every_epoch': False, 'hold_out_validation_split': 0.0, 'initial_lr': 0.1, 'momentum': 0.98, 'nesterov': True, 'bootstrapping': False, 'map_optimizer': True, 'model': 'CNN-LSTM', 'tf_version': '2.4.1', 'keras_version': '2.4.3', 'GPU': 'NVIDIA TITAN X (Pascal)'}
Loading data...
Pad sequences (samples x time)
20000 train sequences
5000 validation sequences
25000 test sequences
x_train shape: (20000, 100)
x_val shape: (5000, 100)
x_test shape: (25000, 100)
Using MAP optimizer with reg_weight:  5e-05
CNN-LSTM
0epoch [00:00, ?epoch/s]  0%|          | 0/2 [00:00<?, ?epoch/s]2024-03-11 15:13:04.715434: I tensorflow/compiler/mlir/mlir_graph_optimization_pass.cc:116] None of the MLIR optimization passes are enabled (registered 2)
2024-03-11 15:13:04.727092: I tensorflow/core/platform/profile_utils/cpu_utils.cc:112] CPU Frequency: 2600020000 Hz
2024-03-11 15:13:05.980757: I tensorflow/stream_executor/platform/default/dso_loader.cc:49] Successfully opened dynamic library libcublas.so.10
2024-03-11 15:13:06.145086: I tensorflow/stream_executor/platform/default/dso_loader.cc:49] Successfully opened dynamic library libcudnn.so.7
2024-03-11 15:13:06.968522: W tensorflow/stream_executor/gpu/asm_compiler.cc:63] Running ptxas --version returned 256
2024-03-11 15:13:07.006440: W tensorflow/stream_executor/gpu/redzone_allocator.cc:314] Internal: ptxas exited with non-zero error code 256, output: 
Relying on driver to perform ptx compilation. 
Modify $PATH to customize ptxas location.
This message will be only logged once.
 50%|█████     | 1/2 [00:12<00:12, 12.94s/epoch, loss=0.651, accuracy=0.65, val_loss=0.511, val_accuracy=0.793]100%|██████████| 2/2 [00:20<00:00,  9.88s/epoch, loss=0.471, accuracy=0.829, val_loss=0.518, val_accuracy=0.826]100%|██████████| 2/2 [00:20<00:00, 10.34s/epoch, loss=0.471, accuracy=0.829, val_loss=0.518, val_accuracy=0.826]
Only one model saved

Loading model: 12_imdb_CNN-LSTM.h5
Test score: 0.4968225359916687
Test accuracy: 0.8304799795150757
Val score: 0.5181699395179749
Val accuracy: 0.8263999819755554
