Mon Mar 11 14:25:35 2024       
+---------------------------------------------------------------------------------------+
| NVIDIA-SMI 545.23.08              Driver Version: 545.23.08    CUDA Version: 12.3     |
|-----------------------------------------+----------------------+----------------------+
| GPU  Name                 Persistence-M | Bus-Id        Disp.A | Volatile Uncorr. ECC |
| Fan  Temp   Perf          Pwr:Usage/Cap |         Memory-Usage | GPU-Util  Compute M. |
|                                         |                      |               MIG M. |
|=========================================+======================+======================|
|   0  NVIDIA TITAN X (Pascal)        Off | 00000000:03:00.0 Off |                  N/A |
| 44%   72C    P0             104W / 250W |      0MiB / 12288MiB |    100%      Default |
|                                         |                      |                  N/A |
+-----------------------------------------+----------------------+----------------------+
                                                                                         
+---------------------------------------------------------------------------------------+
| Processes:                                                                            |
|  GPU   GI   CI        PID   Type   Process name                            GPU Memory |
|        ID   ID                                                             Usage      |
|=======================================================================================|
|  No running processes found                                                           |
+---------------------------------------------------------------------------------------+


* * * Run SGD for ID = 7. * * *


2024-03-11 14:25:36.259293: I tensorflow/stream_executor/platform/default/dso_loader.cc:49] Successfully opened dynamic library libcudart.so.10.1
2024-03-11 14:25:42.425604: I tensorflow/compiler/jit/xla_cpu_device.cc:41] Not creating XLA devices, tf_xla_enable_xla_devices not set
2024-03-11 14:25:42.427516: I tensorflow/stream_executor/platform/default/dso_loader.cc:49] Successfully opened dynamic library libcuda.so.1
2024-03-11 14:25:42.465839: I tensorflow/core/common_runtime/gpu/gpu_device.cc:1720] Found device 0 with properties: 
pciBusID: 0000:03:00.0 name: NVIDIA TITAN X (Pascal) computeCapability: 6.1
coreClock: 1.531GHz coreCount: 28 deviceMemorySize: 11.90GiB deviceMemoryBandwidth: 447.48GiB/s
2024-03-11 14:25:42.465869: I tensorflow/stream_executor/platform/default/dso_loader.cc:49] Successfully opened dynamic library libcudart.so.10.1
2024-03-11 14:25:42.510634: I tensorflow/stream_executor/platform/default/dso_loader.cc:49] Successfully opened dynamic library libcublas.so.10
2024-03-11 14:25:42.510676: I tensorflow/stream_executor/platform/default/dso_loader.cc:49] Successfully opened dynamic library libcublasLt.so.10
2024-03-11 14:25:42.551000: I tensorflow/stream_executor/platform/default/dso_loader.cc:49] Successfully opened dynamic library libcufft.so.10
2024-03-11 14:25:42.608223: I tensorflow/stream_executor/platform/default/dso_loader.cc:49] Successfully opened dynamic library libcurand.so.10
2024-03-11 14:25:42.643161: I tensorflow/stream_executor/platform/default/dso_loader.cc:49] Successfully opened dynamic library libcusolver.so.10
2024-03-11 14:25:42.667266: I tensorflow/stream_executor/platform/default/dso_loader.cc:49] Successfully opened dynamic library libcusparse.so.10
2024-03-11 14:25:42.738516: I tensorflow/stream_executor/platform/default/dso_loader.cc:49] Successfully opened dynamic library libcudnn.so.7
2024-03-11 14:25:42.739686: I tensorflow/core/common_runtime/gpu/gpu_device.cc:1862] Adding visible gpu devices: 0
2024-03-11 14:25:42.739782: I tensorflow/compiler/jit/xla_cpu_device.cc:41] Not creating XLA devices, tf_xla_enable_xla_devices not set
<__array_function__ internals>:5: VisibleDeprecationWarning: Creating an ndarray from ragged nested sequences (which is a list-or-tuple of lists-or-tuples-or ndarrays with different lengths or shapes) is deprecated. If you meant to do this, you must specify 'dtype=object' when creating the ndarray
/home/gkb738/.conda/envs/TF_KERAS_GPU/lib/python3.9/site-packages/tensorflow/python/keras/datasets/imdb.py:159: VisibleDeprecationWarning: Creating an ndarray from ragged nested sequences (which is a list-or-tuple of lists-or-tuples-or ndarrays with different lengths or shapes) is deprecated. If you meant to do this, you must specify 'dtype=object' when creating the ndarray
  x_train, y_train = np.array(xs[:idx]), np.array(labels[:idx])
/home/gkb738/.conda/envs/TF_KERAS_GPU/lib/python3.9/site-packages/tensorflow/python/keras/datasets/imdb.py:160: VisibleDeprecationWarning: Creating an ndarray from ragged nested sequences (which is a list-or-tuple of lists-or-tuples-or ndarrays with different lengths or shapes) is deprecated. If you meant to do this, you must specify 'dtype=object' when creating the ndarray
  x_test, y_test = np.array(xs[idx:]), np.array(labels[idx:])
2024-03-11 14:25:47.702182: I tensorflow/core/platform/cpu_feature_guard.cc:142] This TensorFlow binary is optimized with oneAPI Deep Neural Network Library (oneDNN) to use the following CPU instructions in performance-critical operations:  SSE4.1 SSE4.2 AVX AVX2 FMA
To enable them in other operations, rebuild TensorFlow with the appropriate compiler flags.
2024-03-11 14:25:47.702863: I tensorflow/compiler/jit/xla_gpu_device.cc:99] Not creating XLA devices, tf_xla_enable_xla_devices not set
2024-03-11 14:25:47.752315: I tensorflow/core/common_runtime/gpu/gpu_device.cc:1720] Found device 0 with properties: 
pciBusID: 0000:03:00.0 name: NVIDIA TITAN X (Pascal) computeCapability: 6.1
coreClock: 1.531GHz coreCount: 28 deviceMemorySize: 11.90GiB deviceMemoryBandwidth: 447.48GiB/s
2024-03-11 14:25:47.752360: I tensorflow/stream_executor/platform/default/dso_loader.cc:49] Successfully opened dynamic library libcudart.so.10.1
2024-03-11 14:25:47.752414: I tensorflow/stream_executor/platform/default/dso_loader.cc:49] Successfully opened dynamic library libcublas.so.10
2024-03-11 14:25:47.752433: I tensorflow/stream_executor/platform/default/dso_loader.cc:49] Successfully opened dynamic library libcublasLt.so.10
2024-03-11 14:25:47.752451: I tensorflow/stream_executor/platform/default/dso_loader.cc:49] Successfully opened dynamic library libcufft.so.10
2024-03-11 14:25:47.752467: I tensorflow/stream_executor/platform/default/dso_loader.cc:49] Successfully opened dynamic library libcurand.so.10
2024-03-11 14:25:47.752483: I tensorflow/stream_executor/platform/default/dso_loader.cc:49] Successfully opened dynamic library libcusolver.so.10
2024-03-11 14:25:47.752499: I tensorflow/stream_executor/platform/default/dso_loader.cc:49] Successfully opened dynamic library libcusparse.so.10
2024-03-11 14:25:47.752514: I tensorflow/stream_executor/platform/default/dso_loader.cc:49] Successfully opened dynamic library libcudnn.so.7
2024-03-11 14:25:47.831578: I tensorflow/core/common_runtime/gpu/gpu_device.cc:1862] Adding visible gpu devices: 0
2024-03-11 14:25:47.831653: I tensorflow/stream_executor/platform/default/dso_loader.cc:49] Successfully opened dynamic library libcudart.so.10.1
2024-03-11 14:25:48.419420: I tensorflow/core/common_runtime/gpu/gpu_device.cc:1261] Device interconnect StreamExecutor with strength 1 edge matrix:
2024-03-11 14:25:48.419482: I tensorflow/core/common_runtime/gpu/gpu_device.cc:1267]      0 
2024-03-11 14:25:48.419497: I tensorflow/core/common_runtime/gpu/gpu_device.cc:1280] 0:   N 
2024-03-11 14:25:48.420368: I tensorflow/core/common_runtime/gpu/gpu_device.cc:1406] Created TensorFlow device (/job:localhost/replica:0/task:0/device:GPU:0 with 11227 MB memory) -> physical GPU (device: 0, name: NVIDIA TITAN X (Pascal), pci bus id: 0000:03:00.0, compute capability: 6.1)
{'id': '07', 'seed': 7, 'out_folder': 'results/10_snapshot_every_epoch_wenzel_0_2_val', 'batch_size': 32, 'epochs': 5, 'validation_split': 0.2, 'checkpointing': True, 'checkpoint_every_epoch': True, 'hold_out_validation_split': 0.0, 'initial_lr': 0.1, 'momentum': 0.98, 'nesterov': True, 'bootstrapping': False, 'map_optimizer': True, 'model': 'CNN-LSTM', 'tf_version': '2.4.1', 'keras_version': '2.4.3', 'GPU': 'NVIDIA TITAN X (Pascal)'}
Loading data...
Pad sequences (samples x time)
20000 train sequences
5000 validation sequences
25000 test sequences
x_train shape: (20000, 100)
x_val shape: (5000, 100)
x_test shape: (25000, 100)
Using MAP optimizer with reg_weight:  5e-05
CNN-LSTM
0epoch [00:00, ?epoch/s]  0%|          | 0/5 [00:00<?, ?epoch/s]2024-03-11 14:25:48.818109: I tensorflow/compiler/mlir/mlir_graph_optimization_pass.cc:116] None of the MLIR optimization passes are enabled (registered 2)
2024-03-11 14:25:48.818572: I tensorflow/core/platform/profile_utils/cpu_utils.cc:112] CPU Frequency: 2600020000 Hz
2024-03-11 14:25:50.130113: I tensorflow/stream_executor/platform/default/dso_loader.cc:49] Successfully opened dynamic library libcublas.so.10
2024-03-11 14:25:50.291438: I tensorflow/stream_executor/platform/default/dso_loader.cc:49] Successfully opened dynamic library libcudnn.so.7
2024-03-11 14:25:50.913541: W tensorflow/stream_executor/gpu/asm_compiler.cc:63] Running ptxas --version returned 256
2024-03-11 14:25:50.976853: W tensorflow/stream_executor/gpu/redzone_allocator.cc:314] Internal: ptxas exited with non-zero error code 256, output: 
Relying on driver to perform ptx compilation. 
Modify $PATH to customize ptxas location.
This message will be only logged once.
 20%|██        | 1/5 [00:13<00:54, 13.70s/epoch, loss=0.698, accuracy=0.593, val_loss=0.514, val_accuracy=0.787] 40%|████      | 2/5 [00:21<00:31, 10.50s/epoch, loss=0.485, accuracy=0.815, val_loss=0.477, val_accuracy=0.835] 60%|██████    | 3/5 [00:31<00:20, 10.15s/epoch, loss=0.441, accuracy=0.857, val_loss=0.516, val_accuracy=0.813] 80%|████████  | 4/5 [00:41<00:09,  9.84s/epoch, loss=0.486, accuracy=0.851, val_loss=0.657, val_accuracy=0.78] 100%|██████████| 5/5 [00:49<00:00,  9.21s/epoch, loss=0.823, accuracy=0.698, val_loss=1.05, val_accuracy=0.548]100%|██████████| 5/5 [00:49<00:00,  9.83s/epoch, loss=0.823, accuracy=0.698, val_loss=1.05, val_accuracy=0.548]

Loading model: 07_imdb_CNN-LSTM_01.h5
Test score: 0.5106559991836548
Test accuracy: 0.7889599800109863
Val score: 0.5140177011489868
Val accuracy: 0.7868000268936157

Loading model: 07_imdb_CNN-LSTM_02.h5
Test score: 0.4826275706291199
Test accuracy: 0.834559977054596
Val score: 0.4766300320625305
Val accuracy: 0.8349999785423279

Loading model: 07_imdb_CNN-LSTM_03.h5
Test score: 0.5153119564056396
Test accuracy: 0.811240017414093
Val score: 0.5155138373374939
Val accuracy: 0.8130000233650208

Loading model: 07_imdb_CNN-LSTM_04.h5
Test score: 0.6496917009353638
Test accuracy: 0.7855200171470642
Val score: 0.6569617986679077
Val accuracy: 0.7803999781608582

Loading model: 07_imdb_CNN-LSTM_05.h5
Test score: 1.0477834939956665
Test accuracy: 0.5470799803733826
Val score: 1.046526312828064
Val accuracy: 0.5482000112533569
