Mon Mar 11 14:24:08 2024       
+---------------------------------------------------------------------------------------+
| NVIDIA-SMI 545.23.08              Driver Version: 545.23.08    CUDA Version: 12.3     |
|-----------------------------------------+----------------------+----------------------+
| GPU  Name                 Persistence-M | Bus-Id        Disp.A | Volatile Uncorr. ECC |
| Fan  Temp   Perf          Pwr:Usage/Cap |         Memory-Usage | GPU-Util  Compute M. |
|                                         |                      |               MIG M. |
|=========================================+======================+======================|
|   0  NVIDIA TITAN X (Pascal)        Off | 00000000:03:00.0 Off |                  N/A |
| 46%   74C    P0              97W / 250W |      0MiB / 12288MiB |     80%      Default |
|                                         |                      |                  N/A |
+-----------------------------------------+----------------------+----------------------+
                                                                                         
+---------------------------------------------------------------------------------------+
| Processes:                                                                            |
|  GPU   GI   CI        PID   Type   Process name                            GPU Memory |
|        ID   ID                                                             Usage      |
|=======================================================================================|
|  No running processes found                                                           |
+---------------------------------------------------------------------------------------+


* * * Run SGD for ID = 5. * * *


2024-03-11 14:24:08.893895: I tensorflow/stream_executor/platform/default/dso_loader.cc:49] Successfully opened dynamic library libcudart.so.10.1
2024-03-11 14:24:12.445939: I tensorflow/compiler/jit/xla_cpu_device.cc:41] Not creating XLA devices, tf_xla_enable_xla_devices not set
2024-03-11 14:24:12.446925: I tensorflow/stream_executor/platform/default/dso_loader.cc:49] Successfully opened dynamic library libcuda.so.1
2024-03-11 14:24:12.494050: I tensorflow/core/common_runtime/gpu/gpu_device.cc:1720] Found device 0 with properties: 
pciBusID: 0000:03:00.0 name: NVIDIA TITAN X (Pascal) computeCapability: 6.1
coreClock: 1.531GHz coreCount: 28 deviceMemorySize: 11.90GiB deviceMemoryBandwidth: 447.48GiB/s
2024-03-11 14:24:12.494078: I tensorflow/stream_executor/platform/default/dso_loader.cc:49] Successfully opened dynamic library libcudart.so.10.1
2024-03-11 14:24:12.496443: I tensorflow/stream_executor/platform/default/dso_loader.cc:49] Successfully opened dynamic library libcublas.so.10
2024-03-11 14:24:12.496479: I tensorflow/stream_executor/platform/default/dso_loader.cc:49] Successfully opened dynamic library libcublasLt.so.10
2024-03-11 14:24:12.498491: I tensorflow/stream_executor/platform/default/dso_loader.cc:49] Successfully opened dynamic library libcufft.so.10
2024-03-11 14:24:12.498968: I tensorflow/stream_executor/platform/default/dso_loader.cc:49] Successfully opened dynamic library libcurand.so.10
2024-03-11 14:24:12.501030: I tensorflow/stream_executor/platform/default/dso_loader.cc:49] Successfully opened dynamic library libcusolver.so.10
2024-03-11 14:24:12.502450: I tensorflow/stream_executor/platform/default/dso_loader.cc:49] Successfully opened dynamic library libcusparse.so.10
2024-03-11 14:24:12.506376: I tensorflow/stream_executor/platform/default/dso_loader.cc:49] Successfully opened dynamic library libcudnn.so.7
2024-03-11 14:24:12.506833: I tensorflow/core/common_runtime/gpu/gpu_device.cc:1862] Adding visible gpu devices: 0
2024-03-11 14:24:12.506923: I tensorflow/compiler/jit/xla_cpu_device.cc:41] Not creating XLA devices, tf_xla_enable_xla_devices not set
<__array_function__ internals>:5: VisibleDeprecationWarning: Creating an ndarray from ragged nested sequences (which is a list-or-tuple of lists-or-tuples-or ndarrays with different lengths or shapes) is deprecated. If you meant to do this, you must specify 'dtype=object' when creating the ndarray
/home/gkb738/.conda/envs/TF_KERAS_GPU/lib/python3.9/site-packages/tensorflow/python/keras/datasets/imdb.py:159: VisibleDeprecationWarning: Creating an ndarray from ragged nested sequences (which is a list-or-tuple of lists-or-tuples-or ndarrays with different lengths or shapes) is deprecated. If you meant to do this, you must specify 'dtype=object' when creating the ndarray
  x_train, y_train = np.array(xs[:idx]), np.array(labels[:idx])
/home/gkb738/.conda/envs/TF_KERAS_GPU/lib/python3.9/site-packages/tensorflow/python/keras/datasets/imdb.py:160: VisibleDeprecationWarning: Creating an ndarray from ragged nested sequences (which is a list-or-tuple of lists-or-tuples-or ndarrays with different lengths or shapes) is deprecated. If you meant to do this, you must specify 'dtype=object' when creating the ndarray
  x_test, y_test = np.array(xs[idx:]), np.array(labels[idx:])
2024-03-11 14:24:16.991723: I tensorflow/core/platform/cpu_feature_guard.cc:142] This TensorFlow binary is optimized with oneAPI Deep Neural Network Library (oneDNN) to use the following CPU instructions in performance-critical operations:  SSE4.1 SSE4.2 AVX AVX2 FMA
To enable them in other operations, rebuild TensorFlow with the appropriate compiler flags.
2024-03-11 14:24:16.992252: I tensorflow/compiler/jit/xla_gpu_device.cc:99] Not creating XLA devices, tf_xla_enable_xla_devices not set
2024-03-11 14:24:16.994056: I tensorflow/core/common_runtime/gpu/gpu_device.cc:1720] Found device 0 with properties: 
pciBusID: 0000:03:00.0 name: NVIDIA TITAN X (Pascal) computeCapability: 6.1
coreClock: 1.531GHz coreCount: 28 deviceMemorySize: 11.90GiB deviceMemoryBandwidth: 447.48GiB/s
2024-03-11 14:24:16.994087: I tensorflow/stream_executor/platform/default/dso_loader.cc:49] Successfully opened dynamic library libcudart.so.10.1
2024-03-11 14:24:16.994119: I tensorflow/stream_executor/platform/default/dso_loader.cc:49] Successfully opened dynamic library libcublas.so.10
2024-03-11 14:24:16.994135: I tensorflow/stream_executor/platform/default/dso_loader.cc:49] Successfully opened dynamic library libcublasLt.so.10
2024-03-11 14:24:16.994150: I tensorflow/stream_executor/platform/default/dso_loader.cc:49] Successfully opened dynamic library libcufft.so.10
2024-03-11 14:24:16.994164: I tensorflow/stream_executor/platform/default/dso_loader.cc:49] Successfully opened dynamic library libcurand.so.10
2024-03-11 14:24:16.994178: I tensorflow/stream_executor/platform/default/dso_loader.cc:49] Successfully opened dynamic library libcusolver.so.10
2024-03-11 14:24:16.994193: I tensorflow/stream_executor/platform/default/dso_loader.cc:49] Successfully opened dynamic library libcusparse.so.10
2024-03-11 14:24:16.994207: I tensorflow/stream_executor/platform/default/dso_loader.cc:49] Successfully opened dynamic library libcudnn.so.7
2024-03-11 14:24:16.994642: I tensorflow/core/common_runtime/gpu/gpu_device.cc:1862] Adding visible gpu devices: 0
2024-03-11 14:24:16.994671: I tensorflow/stream_executor/platform/default/dso_loader.cc:49] Successfully opened dynamic library libcudart.so.10.1
2024-03-11 14:24:17.884487: I tensorflow/core/common_runtime/gpu/gpu_device.cc:1261] Device interconnect StreamExecutor with strength 1 edge matrix:
2024-03-11 14:24:17.884549: I tensorflow/core/common_runtime/gpu/gpu_device.cc:1267]      0 
2024-03-11 14:24:17.884563: I tensorflow/core/common_runtime/gpu/gpu_device.cc:1280] 0:   N 
2024-03-11 14:24:17.885413: I tensorflow/core/common_runtime/gpu/gpu_device.cc:1406] Created TensorFlow device (/job:localhost/replica:0/task:0/device:GPU:0 with 11227 MB memory) -> physical GPU (device: 0, name: NVIDIA TITAN X (Pascal), pci bus id: 0000:03:00.0, compute capability: 6.1)
{'id': '05', 'seed': 5, 'out_folder': 'results/10_snapshot_every_epoch_wenzel_0_2_val', 'batch_size': 32, 'epochs': 5, 'validation_split': 0.2, 'checkpointing': True, 'checkpoint_every_epoch': True, 'hold_out_validation_split': 0.0, 'initial_lr': 0.1, 'momentum': 0.98, 'nesterov': True, 'bootstrapping': False, 'map_optimizer': True, 'model': 'CNN-LSTM', 'tf_version': '2.4.1', 'keras_version': '2.4.3', 'GPU': 'NVIDIA TITAN X (Pascal)'}
Loading data...
Pad sequences (samples x time)
20000 train sequences
5000 validation sequences
25000 test sequences
x_train shape: (20000, 100)
x_val shape: (5000, 100)
x_test shape: (25000, 100)
Using MAP optimizer with reg_weight:  5e-05
CNN-LSTM
0epoch [00:00, ?epoch/s]  0%|          | 0/5 [00:00<?, ?epoch/s]2024-03-11 14:24:18.245747: I tensorflow/compiler/mlir/mlir_graph_optimization_pass.cc:116] None of the MLIR optimization passes are enabled (registered 2)
2024-03-11 14:24:18.258070: I tensorflow/core/platform/profile_utils/cpu_utils.cc:112] CPU Frequency: 2600020000 Hz
2024-03-11 14:24:19.487871: I tensorflow/stream_executor/platform/default/dso_loader.cc:49] Successfully opened dynamic library libcublas.so.10
2024-03-11 14:24:19.645988: I tensorflow/stream_executor/platform/default/dso_loader.cc:49] Successfully opened dynamic library libcudnn.so.7
2024-03-11 14:24:20.415390: W tensorflow/stream_executor/gpu/asm_compiler.cc:63] Running ptxas --version returned 256
2024-03-11 14:24:20.481239: W tensorflow/stream_executor/gpu/redzone_allocator.cc:314] Internal: ptxas exited with non-zero error code 256, output: 
Relying on driver to perform ptx compilation. 
Modify $PATH to customize ptxas location.
This message will be only logged once.
 20%|██        | 1/5 [00:13<00:55, 13.76s/epoch, loss=0.731, accuracy=0.54, val_loss=0.624, val_accuracy=0.717] 40%|████      | 2/5 [00:22<00:31, 10.57s/epoch, loss=0.537, accuracy=0.779, val_loss=0.504, val_accuracy=0.798] 60%|██████    | 3/5 [00:30<00:19,  9.61s/epoch, loss=0.449, accuracy=0.842, val_loss=0.478, val_accuracy=0.83]  80%|████████  | 4/5 [00:38<00:09,  9.06s/epoch, loss=0.444, accuracy=0.862, val_loss=0.5, val_accuracy=0.839] 100%|██████████| 5/5 [00:46<00:00,  8.75s/epoch, loss=0.467, accuracy=0.87, val_loss=0.623, val_accuracy=0.825]100%|██████████| 5/5 [00:46<00:00,  9.40s/epoch, loss=0.467, accuracy=0.87, val_loss=0.623, val_accuracy=0.825]

Loading model: 05_imdb_CNN-LSTM_01.h5
Test score: 0.6189941167831421
Test accuracy: 0.7219600081443787
Val score: 0.6242020726203918
Val accuracy: 0.717199981212616

Loading model: 05_imdb_CNN-LSTM_02.h5
Test score: 0.48942893743515015
Test accuracy: 0.8032000064849854
Val score: 0.5039656758308411
Val accuracy: 0.7979999780654907

Loading model: 05_imdb_CNN-LSTM_03.h5
Test score: 0.46933382749557495
Test accuracy: 0.8355600237846375
Val score: 0.4780409038066864
Val accuracy: 0.829800009727478

Loading model: 05_imdb_CNN-LSTM_04.h5
Test score: 0.4981030523777008
Test accuracy: 0.8395599722862244
Val score: 0.5003467798233032
Val accuracy: 0.8389999866485596

Loading model: 05_imdb_CNN-LSTM_05.h5
Test score: 0.6457201838493347
Test accuracy: 0.8194800019264221
Val score: 0.6233940720558167
Val accuracy: 0.8245999813079834
