Thu Feb 15 21:50:26 2024       
+---------------------------------------------------------------------------------------+
| NVIDIA-SMI 535.104.05             Driver Version: 535.104.05   CUDA Version: 12.2     |
|-----------------------------------------+----------------------+----------------------+
| GPU  Name                 Persistence-M | Bus-Id        Disp.A | Volatile Uncorr. ECC |
| Fan  Temp   Perf          Pwr:Usage/Cap |         Memory-Usage | GPU-Util  Compute M. |
|                                         |                      |               MIG M. |
|=========================================+======================+======================|
|   0  NVIDIA TITAN X (Pascal)        Off | 00000000:02:00.0 Off |                  N/A |
| 49%   75C    P0              58W / 250W |      0MiB / 12288MiB |      0%      Default |
|                                         |                      |                  N/A |
+-----------------------------------------+----------------------+----------------------+
                                                                                         
+---------------------------------------------------------------------------------------+
| Processes:                                                                            |
|  GPU   GI   CI        PID   Type   Process name                            GPU Memory |
|        ID   ID                                                             Usage      |
|=======================================================================================|
|  No running processes found                                                           |
+---------------------------------------------------------------------------------------+


* * * Run SGD for ID = 14. * * *


Traceback (most recent call last):
  File "/opt/software/miniconda/23.3.1-py3.10.10/lib/python3.10/runpy.py", line 196, in _run_module_as_main
    return _run_code(code, main_globals, None,
  File "/opt/software/miniconda/23.3.1-py3.10.10/lib/python3.10/runpy.py", line 86, in _run_code
    exec(code, run_globals)
  File "/home/gkb738/MSc-Thesis/ResNet20_CIFAR/sgd_baseline.py", line 2, in <module>
    import tensorflow as tf
ModuleNotFoundError: No module named 'tensorflow'
