Fri Mar  1 10:48:22 2024       
+---------------------------------------------------------------------------------------+
| NVIDIA-SMI 545.23.08              Driver Version: 545.23.08    CUDA Version: 12.3     |
|-----------------------------------------+----------------------+----------------------+
| GPU  Name                 Persistence-M | Bus-Id        Disp.A | Volatile Uncorr. ECC |
| Fan  Temp   Perf          Pwr:Usage/Cap |         Memory-Usage | GPU-Util  Compute M. |
|                                         |                      |               MIG M. |
|=========================================+======================+======================|
|   0  NVIDIA TITAN X (Pascal)        Off | 00000000:83:00.0 Off |                  N/A |
| 23%   28C    P8               9W / 250W |      0MiB / 12288MiB |      0%      Default |
|                                         |                      |                  N/A |
+-----------------------------------------+----------------------+----------------------+
                                                                                         
+---------------------------------------------------------------------------------------+
| Processes:                                                                            |
|  GPU   GI   CI        PID   Type   Process name                            GPU Memory |
|        ID   ID                                                             Usage      |
|=======================================================================================|
|  No running processes found                                                           |
+---------------------------------------------------------------------------------------+


* * * Run SGD for cluster size = 2. * * *


Budget: 250


* * * Run SGD for ID = 2_1. * * *


2024-03-01 10:48:32.901060: I tensorflow/stream_executor/platform/default/dso_loader.cc:49] Successfully opened dynamic library libcudart.so.10.1
2024-03-01 10:48:52.750502: I tensorflow/compiler/jit/xla_cpu_device.cc:41] Not creating XLA devices, tf_xla_enable_xla_devices not set
2024-03-01 10:48:52.752633: I tensorflow/stream_executor/platform/default/dso_loader.cc:49] Successfully opened dynamic library libcuda.so.1
2024-03-01 10:48:52.784498: I tensorflow/core/common_runtime/gpu/gpu_device.cc:1720] Found device 0 with properties: 
pciBusID: 0000:83:00.0 name: NVIDIA TITAN X (Pascal) computeCapability: 6.1
coreClock: 1.531GHz coreCount: 28 deviceMemorySize: 11.90GiB deviceMemoryBandwidth: 447.48GiB/s
2024-03-01 10:48:52.784542: I tensorflow/stream_executor/platform/default/dso_loader.cc:49] Successfully opened dynamic library libcudart.so.10.1
2024-03-01 10:48:52.889431: I tensorflow/stream_executor/platform/default/dso_loader.cc:49] Successfully opened dynamic library libcublas.so.10
2024-03-01 10:48:52.889549: I tensorflow/stream_executor/platform/default/dso_loader.cc:49] Successfully opened dynamic library libcublasLt.so.10
2024-03-01 10:48:53.015510: I tensorflow/stream_executor/platform/default/dso_loader.cc:49] Successfully opened dynamic library libcufft.so.10
2024-03-01 10:48:53.190250: I tensorflow/stream_executor/platform/default/dso_loader.cc:49] Successfully opened dynamic library libcurand.so.10
2024-03-01 10:48:53.249699: I tensorflow/stream_executor/platform/default/dso_loader.cc:49] Successfully opened dynamic library libcusolver.so.10
2024-03-01 10:48:53.450368: I tensorflow/stream_executor/platform/default/dso_loader.cc:49] Successfully opened dynamic library libcusparse.so.10
2024-03-01 10:48:53.601324: I tensorflow/stream_executor/platform/default/dso_loader.cc:49] Successfully opened dynamic library libcudnn.so.7
2024-03-01 10:48:53.602462: I tensorflow/core/common_runtime/gpu/gpu_device.cc:1862] Adding visible gpu devices: 0
2024-03-01 10:48:53.602572: I tensorflow/compiler/jit/xla_cpu_device.cc:41] Not creating XLA devices, tf_xla_enable_xla_devices not set
<__array_function__ internals>:5: VisibleDeprecationWarning: Creating an ndarray from ragged nested sequences (which is a list-or-tuple of lists-or-tuples-or ndarrays with different lengths or shapes) is deprecated. If you meant to do this, you must specify 'dtype=object' when creating the ndarray
/home/gkb738/.conda/envs/TF_KERAS_GPU/lib/python3.9/site-packages/tensorflow/python/keras/datasets/imdb.py:159: VisibleDeprecationWarning: Creating an ndarray from ragged nested sequences (which is a list-or-tuple of lists-or-tuples-or ndarrays with different lengths or shapes) is deprecated. If you meant to do this, you must specify 'dtype=object' when creating the ndarray
  x_train, y_train = np.array(xs[:idx]), np.array(labels[:idx])
/home/gkb738/.conda/envs/TF_KERAS_GPU/lib/python3.9/site-packages/tensorflow/python/keras/datasets/imdb.py:160: VisibleDeprecationWarning: Creating an ndarray from ragged nested sequences (which is a list-or-tuple of lists-or-tuples-or ndarrays with different lengths or shapes) is deprecated. If you meant to do this, you must specify 'dtype=object' when creating the ndarray
  x_test, y_test = np.array(xs[idx:]), np.array(labels[idx:])
2024-03-01 10:48:58.811969: I tensorflow/core/platform/cpu_feature_guard.cc:142] This TensorFlow binary is optimized with oneAPI Deep Neural Network Library (oneDNN) to use the following CPU instructions in performance-critical operations:  SSE4.1 SSE4.2 AVX AVX2 FMA
To enable them in other operations, rebuild TensorFlow with the appropriate compiler flags.
2024-03-01 10:48:58.812464: I tensorflow/compiler/jit/xla_gpu_device.cc:99] Not creating XLA devices, tf_xla_enable_xla_devices not set
2024-03-01 10:48:58.858967: I tensorflow/core/common_runtime/gpu/gpu_device.cc:1720] Found device 0 with properties: 
pciBusID: 0000:83:00.0 name: NVIDIA TITAN X (Pascal) computeCapability: 6.1
coreClock: 1.531GHz coreCount: 28 deviceMemorySize: 11.90GiB deviceMemoryBandwidth: 447.48GiB/s
2024-03-01 10:48:58.859051: I tensorflow/stream_executor/platform/default/dso_loader.cc:49] Successfully opened dynamic library libcudart.so.10.1
2024-03-01 10:48:58.859120: I tensorflow/stream_executor/platform/default/dso_loader.cc:49] Successfully opened dynamic library libcublas.so.10
2024-03-01 10:48:58.859140: I tensorflow/stream_executor/platform/default/dso_loader.cc:49] Successfully opened dynamic library libcublasLt.so.10
2024-03-01 10:48:58.859158: I tensorflow/stream_executor/platform/default/dso_loader.cc:49] Successfully opened dynamic library libcufft.so.10
2024-03-01 10:48:58.859177: I tensorflow/stream_executor/platform/default/dso_loader.cc:49] Successfully opened dynamic library libcurand.so.10
2024-03-01 10:48:58.859194: I tensorflow/stream_executor/platform/default/dso_loader.cc:49] Successfully opened dynamic library libcusolver.so.10
2024-03-01 10:48:58.859210: I tensorflow/stream_executor/platform/default/dso_loader.cc:49] Successfully opened dynamic library libcusparse.so.10
2024-03-01 10:48:58.859227: I tensorflow/stream_executor/platform/default/dso_loader.cc:49] Successfully opened dynamic library libcudnn.so.7
2024-03-01 10:48:58.859751: I tensorflow/core/common_runtime/gpu/gpu_device.cc:1862] Adding visible gpu devices: 0
2024-03-01 10:48:58.859794: I tensorflow/stream_executor/platform/default/dso_loader.cc:49] Successfully opened dynamic library libcudart.so.10.1
2024-03-01 10:49:00.560023: I tensorflow/core/common_runtime/gpu/gpu_device.cc:1261] Device interconnect StreamExecutor with strength 1 edge matrix:
2024-03-01 10:49:00.560078: I tensorflow/core/common_runtime/gpu/gpu_device.cc:1267]      0 
2024-03-01 10:49:00.560086: I tensorflow/core/common_runtime/gpu/gpu_device.cc:1280] 0:   N 
2024-03-01 10:49:00.569662: I tensorflow/core/common_runtime/gpu/gpu_device.cc:1406] Created TensorFlow device (/job:localhost/replica:0/task:0/device:GPU:0 with 11227 MB memory) -> physical GPU (device: 0, name: NVIDIA TITAN X (Pascal), pci bus id: 0000:83:00.0, compute capability: 6.1)
{'id': '02_01', 'seed': 1, 'out_folder': 'results/epoch_budget', 'batch_size': 32, 'epochs': 250, 'validation_split': 0.2, 'checkpointing': True, 'initial_lr': 0.1, 'momentum': 0.98, 'nesterov': True, 'bootstrapping': False, 'map_optimizer': True, 'model': 'CNN-LSTM', 'tf_version': '2.4.1', 'keras_version': '2.4.3', 'GPU': 'NVIDIA TITAN X (Pascal)'}
Loading data...
Pad sequences (samples x time)
20000 train sequences
5000 validation sequences
25000 test sequences
x_train shape: (20000, 100)
x_val shape: (5000, 100)
x_test shape: (25000, 100)
Using MAP optimizer with reg_weight:  5e-05
CNN-LSTM

0epoch [00:00, ?epoch/s]
  0%|          | 0/250 [00:00<?, ?epoch/s]2024-03-01 10:49:00.971273: I tensorflow/compiler/mlir/mlir_graph_optimization_pass.cc:116] None of the MLIR optimization passes are enabled (registered 2)
2024-03-01 10:49:00.971771: I tensorflow/core/platform/profile_utils/cpu_utils.cc:112] CPU Frequency: 2600020000 Hz
2024-03-01 10:49:02.422341: I tensorflow/stream_executor/platform/default/dso_loader.cc:49] Successfully opened dynamic library libcublas.so.10
2024-03-01 10:49:02.609493: I tensorflow/stream_executor/platform/default/dso_loader.cc:49] Successfully opened dynamic library libcudnn.so.7
2024-03-01 10:49:03.875031: W tensorflow/stream_executor/gpu/asm_compiler.cc:63] Running ptxas --version returned 256
2024-03-01 10:49:03.935921: W tensorflow/stream_executor/gpu/redzone_allocator.cc:314] Internal: ptxas exited with non-zero error code 256, output: 
Relying on driver to perform ptx compilation. 
Modify $PATH to customize ptxas location.
This message will be only logged once.

  0%|          | 1/250 [00:13<57:56, 13.96s/epoch, loss=0.695, accuracy=0.597, val_loss=0.53, val_accuracy=0.777]
  1%|          | 2/250 [00:22<43:36, 10.55s/epoch, loss=0.475, accuracy=0.819, val_loss=0.452, val_accuracy=0.838]
  1%|          | 3/250 [00:29<37:53,  9.20s/epoch, loss=0.438, accuracy=0.852, val_loss=0.503, val_accuracy=0.824]
  2%|▏         | 4/250 [00:37<35:37,  8.69s/epoch, loss=0.493, accuracy=0.852, val_loss=0.587, val_accuracy=0.814]
  2%|▏         | 5/250 [00:45<34:12,  8.38s/epoch, loss=0.727, accuracy=0.768, val_loss=0.862, val_accuracy=0.73] 
  2%|▏         | 6/250 [00:53<33:12,  8.17s/epoch, loss=0.986, accuracy=0.624, val_loss=0.991, val_accuracy=0.655]
  3%|▎         | 7/250 [01:00<32:31,  8.03s/epoch, loss=1.01, accuracy=0.606, val_loss=1.03, val_accuracy=0.546]  
  3%|▎         | 8/250 [01:08<31:52,  7.90s/epoch, loss=1.01, accuracy=0.601, val_loss=0.994, val_accuracy=0.636]
  4%|▎         | 9/250 [01:16<31:46,  7.91s/epoch, loss=1.02, accuracy=0.568, val_loss=1, val_accuracy=0.513]    
  4%|▍         | 10/250 [01:24<31:24,  7.85s/epoch, loss=0.962, accuracy=0.568, val_loss=0.917, val_accuracy=0.599]
  4%|▍         | 11/250 [01:31<31:00,  7.78s/epoch, loss=0.914, accuracy=0.592, val_loss=0.894, val_accuracy=0.571]
  5%|▍         | 12/250 [01:39<30:49,  7.77s/epoch, loss=0.886, accuracy=0.631, val_loss=0.855, val_accuracy=0.671]
  5%|▌         | 13/250 [01:47<30:51,  7.81s/epoch, loss=0.939, accuracy=0.61, val_loss=0.988, val_accuracy=0.593] 
  6%|▌         | 14/250 [01:55<30:44,  7.82s/epoch, loss=0.962, accuracy=0.605, val_loss=1, val_accuracy=0.578]   
  6%|▌         | 15/250 [02:03<30:32,  7.80s/epoch, loss=0.932, accuracy=0.638, val_loss=0.949, val_accuracy=0.597]
  6%|▋         | 16/250 [02:10<30:07,  7.72s/epoch, loss=0.965, accuracy=0.593, val_loss=1.04, val_accuracy=0.546] 
  7%|▋         | 17/250 [02:18<29:54,  7.70s/epoch, loss=0.941, accuracy=0.608, val_loss=0.896, val_accuracy=0.635]
  7%|▋         | 18/250 [02:25<29:36,  7.66s/epoch, loss=0.939, accuracy=0.633, val_loss=0.981, val_accuracy=0.592]
  8%|▊         | 19/250 [02:33<29:19,  7.62s/epoch, loss=0.994, accuracy=0.578, val_loss=0.965, val_accuracy=0.531]
  8%|▊         | 20/250 [02:40<29:08,  7.60s/epoch, loss=0.939, accuracy=0.598, val_loss=0.898, val_accuracy=0.64] 
  8%|▊         | 21/250 [02:48<28:58,  7.59s/epoch, loss=0.908, accuracy=0.623, val_loss=0.943, val_accuracy=0.586]
  9%|▉         | 22/250 [02:56<28:49,  7.58s/epoch, loss=0.948, accuracy=0.577, val_loss=0.889, val_accuracy=0.607]
  9%|▉         | 23/250 [03:03<28:48,  7.61s/epoch, loss=0.897, accuracy=0.598, val_loss=0.875, val_accuracy=0.625]
 10%|▉         | 24/250 [03:11<28:50,  7.66s/epoch, loss=0.853, accuracy=0.622, val_loss=0.913, val_accuracy=0.599]
 10%|█         | 25/250 [03:19<28:48,  7.68s/epoch, loss=0.858, accuracy=0.632, val_loss=0.902, val_accuracy=0.584]
 10%|█         | 26/250 [03:27<28:45,  7.70s/epoch, loss=0.858, accuracy=0.636, val_loss=0.906, val_accuracy=0.591]
 11%|█         | 27/250 [03:34<28:35,  7.69s/epoch, loss=0.854, accuracy=0.635, val_loss=0.879, val_accuracy=0.595]
 11%|█         | 28/250 [03:42<28:28,  7.70s/epoch, loss=0.847, accuracy=0.636, val_loss=0.877, val_accuracy=0.631]
 12%|█▏        | 29/250 [03:50<28:20,  7.70s/epoch, loss=0.855, accuracy=0.645, val_loss=0.85, val_accuracy=0.653] 
 12%|█▏        | 30/250 [03:57<28:07,  7.67s/epoch, loss=0.872, accuracy=0.625, val_loss=0.92, val_accuracy=0.584]
 12%|█▏        | 31/250 [04:05<28:01,  7.68s/epoch, loss=0.891, accuracy=0.598, val_loss=0.862, val_accuracy=0.64]
 13%|█▎        | 32/250 [04:13<27:57,  7.70s/epoch, loss=1.06, accuracy=0.603, val_loss=1.08, val_accuracy=0.62]  
 13%|█▎        | 33/250 [04:20<27:48,  7.69s/epoch, loss=1.07, accuracy=0.605, val_loss=1, val_accuracy=0.651]  
 14%|█▎        | 34/250 [04:28<27:40,  7.69s/epoch, loss=1, accuracy=0.656, val_loss=1.05, val_accuracy=0.648]
 14%|█▍        | 35/250 [04:36<27:35,  7.70s/epoch, loss=1, accuracy=0.647, val_loss=1.01, val_accuracy=0.625]
 14%|█▍        | 36/250 [04:43<27:30,  7.71s/epoch, loss=0.962, accuracy=0.663, val_loss=0.991, val_accuracy=0.645]
 15%|█▍        | 37/250 [04:51<27:28,  7.74s/epoch, loss=0.994, accuracy=0.643, val_loss=1.11, val_accuracy=0.617] 
 15%|█▌        | 38/250 [04:59<27:13,  7.71s/epoch, loss=1.1, accuracy=0.632, val_loss=1.06, val_accuracy=0.629]  
 16%|█▌        | 39/250 [05:07<27:10,  7.73s/epoch, loss=1.04, accuracy=0.629, val_loss=1.05, val_accuracy=0.612]
 16%|█▌        | 40/250 [05:14<27:00,  7.72s/epoch, loss=2, accuracy=0.631, val_loss=3.79, val_accuracy=0.574]   
 16%|█▋        | 41/250 [05:22<26:45,  7.68s/epoch, loss=3.35, accuracy=0.627, val_loss=3.01, val_accuracy=0.576]
 17%|█▋        | 42/250 [05:30<26:33,  7.66s/epoch, loss=2.71, accuracy=0.617, val_loss=2.42, val_accuracy=0.625]
 17%|█▋        | 43/250 [05:37<26:16,  7.61s/epoch, loss=2.18, accuracy=0.641, val_loss=2.06, val_accuracy=0.616]
 18%|█▊        | 44/250 [05:45<26:14,  7.65s/epoch, loss=1.86, accuracy=0.607, val_loss=1.72, val_accuracy=0.597]
 18%|█▊        | 45/250 [05:53<26:15,  7.68s/epoch, loss=1.61, accuracy=0.572, val_loss=1.5, val_accuracy=0.597] 
 18%|█▊        | 46/250 [06:00<26:15,  7.72s/epoch, loss=1.39, accuracy=0.608, val_loss=1.32, val_accuracy=0.536]
 19%|█▉        | 47/250 [06:08<26:08,  7.73s/epoch, loss=1.23, accuracy=0.617, val_loss=1.18, val_accuracy=0.608]
 19%|█▉        | 48/250 [06:16<26:08,  7.77s/epoch, loss=1.14, accuracy=0.611, val_loss=1.08, val_accuracy=0.635]
 20%|█▉        | 49/250 [06:24<26:06,  7.79s/epoch, loss=1.1, accuracy=0.576, val_loss=1.1, val_accuracy=0.536]  
 20%|██        | 50/250 [06:32<26:00,  7.80s/epoch, loss=1.05, accuracy=0.574, val_loss=0.983, val_accuracy=0.625]
 20%|██        | 51/250 [06:39<25:49,  7.79s/epoch, loss=0.987, accuracy=0.613, val_loss=1.01, val_accuracy=0.552]
 21%|██        | 52/250 [06:47<25:33,  7.74s/epoch, loss=0.981, accuracy=0.586, val_loss=0.966, val_accuracy=0.531]
 21%|██        | 53/250 [06:55<25:23,  7.73s/epoch, loss=0.944, accuracy=0.6, val_loss=0.924, val_accuracy=0.619]  
 22%|██▏       | 54/250 [07:03<25:16,  7.74s/epoch, loss=0.911, accuracy=0.605, val_loss=0.92, val_accuracy=0.568]
 22%|██▏       | 55/250 [07:10<25:10,  7.74s/epoch, loss=0.899, accuracy=0.598, val_loss=0.865, val_accuracy=0.608]
 22%|██▏       | 56/250 [07:18<24:59,  7.73s/epoch, loss=0.897, accuracy=0.603, val_loss=0.953, val_accuracy=0.488]
 23%|██▎       | 57/250 [07:26<24:50,  7.72s/epoch, loss=0.91, accuracy=0.581, val_loss=0.884, val_accuracy=0.603] 
 23%|██▎       | 58/250 [07:33<24:46,  7.74s/epoch, loss=0.919, accuracy=0.576, val_loss=0.881, val_accuracy=0.63]
 24%|██▎       | 59/250 [07:41<24:48,  7.79s/epoch, loss=0.901, accuracy=0.613, val_loss=0.916, val_accuracy=0.608]
 24%|██▍       | 60/250 [07:49<24:30,  7.74s/epoch, loss=0.913, accuracy=0.586, val_loss=0.938, val_accuracy=0.513]
 24%|██▍       | 61/250 [07:57<24:20,  7.73s/epoch, loss=0.869, accuracy=0.598, val_loss=0.831, val_accuracy=0.613]
 25%|██▍       | 62/250 [08:04<24:10,  7.72s/epoch, loss=0.829, accuracy=0.629, val_loss=0.852, val_accuracy=0.621]
 25%|██▌       | 63/250 [08:12<24:06,  7.73s/epoch, loss=0.823, accuracy=0.648, val_loss=0.834, val_accuracy=0.62] 
 26%|██▌       | 64/250 [08:20<24:02,  7.76s/epoch, loss=0.846, accuracy=0.641, val_loss=0.937, val_accuracy=0.517]
 26%|██▌       | 65/250 [08:28<23:52,  7.75s/epoch, loss=0.897, accuracy=0.599, val_loss=0.911, val_accuracy=0.548]
 26%|██▋       | 66/250 [08:35<23:45,  7.75s/epoch, loss=0.885, accuracy=0.595, val_loss=0.87, val_accuracy=0.585] 
 27%|██▋       | 67/250 [08:43<23:40,  7.76s/epoch, loss=0.884, accuracy=0.596, val_loss=0.864, val_accuracy=0.627]
 27%|██▋       | 68/250 [08:51<23:33,  7.77s/epoch, loss=0.892, accuracy=0.594, val_loss=0.917, val_accuracy=0.513]
 28%|██▊       | 69/250 [08:59<23:20,  7.74s/epoch, loss=0.883, accuracy=0.586, val_loss=0.925, val_accuracy=0.504]
 28%|██▊       | 70/250 [09:06<23:13,  7.74s/epoch, loss=0.86, accuracy=0.615, val_loss=0.822, val_accuracy=0.639] 
 28%|██▊       | 71/250 [09:14<23:08,  7.75s/epoch, loss=0.86, accuracy=0.662, val_loss=0.878, val_accuracy=0.641]
 29%|██▉       | 72/250 [09:22<23:02,  7.77s/epoch, loss=0.912, accuracy=0.617, val_loss=0.916, val_accuracy=0.605]
 29%|██▉       | 73/250 [09:30<22:51,  7.75s/epoch, loss=0.939, accuracy=0.602, val_loss=0.992, val_accuracy=0.61] 
 30%|██▉       | 74/250 [09:37<22:39,  7.73s/epoch, loss=1.03, accuracy=0.612, val_loss=1.01, val_accuracy=0.631] 
 30%|███       | 75/250 [09:45<22:30,  7.72s/epoch, loss=0.978, accuracy=0.631, val_loss=0.969, val_accuracy=0.602]
 30%|███       | 76/250 [09:53<22:18,  7.69s/epoch, loss=0.956, accuracy=0.605, val_loss=0.935, val_accuracy=0.622]
 31%|███       | 77/250 [10:00<22:12,  7.70s/epoch, loss=0.922, accuracy=0.619, val_loss=0.908, val_accuracy=0.646]
 31%|███       | 78/250 [10:08<22:05,  7.71s/epoch, loss=0.926, accuracy=0.606, val_loss=0.911, val_accuracy=0.624]
 32%|███▏      | 79/250 [10:16<22:00,  7.72s/epoch, loss=0.905, accuracy=0.599, val_loss=0.935, val_accuracy=0.52] 
 32%|███▏      | 80/250 [10:24<21:55,  7.74s/epoch, loss=0.874, accuracy=0.601, val_loss=0.851, val_accuracy=0.587]
 32%|███▏      | 81/250 [10:32<21:51,  7.76s/epoch, loss=0.86, accuracy=0.635, val_loss=0.916, val_accuracy=0.579] 
 33%|███▎      | 82/250 [10:39<21:43,  7.76s/epoch, loss=0.892, accuracy=0.591, val_loss=0.909, val_accuracy=0.628]
 33%|███▎      | 83/250 [10:47<21:33,  7.74s/epoch, loss=0.854, accuracy=0.642, val_loss=0.873, val_accuracy=0.615]
 34%|███▎      | 84/250 [10:55<21:33,  7.79s/epoch, loss=0.881, accuracy=0.599, val_loss=0.891, val_accuracy=0.56] 
 34%|███▍      | 85/250 [11:03<21:32,  7.83s/epoch, loss=0.874, accuracy=0.601, val_loss=0.871, val_accuracy=0.606]
 34%|███▍      | 86/250 [11:11<21:28,  7.86s/epoch, loss=0.847, accuracy=0.628, val_loss=0.838, val_accuracy=0.613]
 35%|███▍      | 87/250 [11:19<21:23,  7.87s/epoch, loss=0.835, accuracy=0.64, val_loss=0.837, val_accuracy=0.635] 
 35%|███▌      | 88/250 [11:26<21:14,  7.87s/epoch, loss=0.865, accuracy=0.644, val_loss=0.923, val_accuracy=0.625]
 36%|███▌      | 89/250 [11:34<21:08,  7.88s/epoch, loss=0.909, accuracy=0.614, val_loss=0.915, val_accuracy=0.515]
 36%|███▌      | 90/250 [11:42<20:52,  7.83s/epoch, loss=0.924, accuracy=0.58, val_loss=0.897, val_accuracy=0.606] 
 36%|███▋      | 91/250 [11:50<20:41,  7.81s/epoch, loss=0.918, accuracy=0.578, val_loss=1.02, val_accuracy=0.488]
 37%|███▋      | 92/250 [11:58<20:26,  7.77s/epoch, loss=0.87, accuracy=0.612, val_loss=0.856, val_accuracy=0.629]
 37%|███▋      | 93/250 [12:05<20:17,  7.75s/epoch, loss=0.873, accuracy=0.613, val_loss=0.872, val_accuracy=0.586]
 38%|███▊      | 94/250 [12:13<20:07,  7.74s/epoch, loss=0.874, accuracy=0.595, val_loss=0.894, val_accuracy=0.628]
 38%|███▊      | 95/250 [12:21<19:58,  7.73s/epoch, loss=0.88, accuracy=0.61, val_loss=0.893, val_accuracy=0.612]  
 38%|███▊      | 96/250 [12:28<19:47,  7.71s/epoch, loss=0.88, accuracy=0.603, val_loss=0.97, val_accuracy=0.599]
 39%|███▉      | 97/250 [12:36<19:35,  7.68s/epoch, loss=0.875, accuracy=0.604, val_loss=0.893, val_accuracy=0.583]
 39%|███▉      | 98/250 [12:44<19:32,  7.71s/epoch, loss=0.886, accuracy=0.58, val_loss=0.858, val_accuracy=0.624] 
 40%|███▉      | 99/250 [12:52<19:27,  7.73s/epoch, loss=0.881, accuracy=0.62, val_loss=0.924, val_accuracy=0.514]
 40%|████      | 100/250 [12:59<19:22,  7.75s/epoch, loss=0.921, accuracy=0.575, val_loss=0.893, val_accuracy=0.513]
 40%|████      | 101/250 [13:07<19:18,  7.78s/epoch, loss=0.889, accuracy=0.549, val_loss=0.849, val_accuracy=0.564]
 41%|████      | 102/250 [13:15<19:07,  7.75s/epoch, loss=1.08, accuracy=0.601, val_loss=1.16, val_accuracy=0.607]  
 41%|████      | 103/250 [13:23<18:58,  7.75s/epoch, loss=1.13, accuracy=0.592, val_loss=1.05, val_accuracy=0.617]
 42%|████▏     | 104/250 [13:30<18:49,  7.74s/epoch, loss=1.02, accuracy=0.649, val_loss=1.01, val_accuracy=0.657]
 42%|████▏     | 105/250 [13:38<18:41,  7.74s/epoch, loss=1.01, accuracy=0.638, val_loss=0.973, val_accuracy=0.67]
 42%|████▏     | 106/250 [13:46<18:31,  7.72s/epoch, loss=1.01, accuracy=0.611, val_loss=1.02, val_accuracy=0.568]
 43%|████▎     | 107/250 [13:53<18:25,  7.73s/epoch, loss=0.972, accuracy=0.594, val_loss=0.915, val_accuracy=0.629]
 43%|████▎     | 108/250 [14:01<18:16,  7.72s/epoch, loss=0.96, accuracy=0.621, val_loss=0.976, val_accuracy=0.639] 
 44%|████▎     | 109/250 [14:09<18:05,  7.70s/epoch, loss=0.984, accuracy=0.618, val_loss=0.97, val_accuracy=0.657]
 44%|████▍     | 110/250 [14:17<17:59,  7.71s/epoch, loss=1.01, accuracy=0.594, val_loss=0.987, val_accuracy=0.608]
 44%|████▍     | 111/250 [14:24<17:53,  7.72s/epoch, loss=1.04, accuracy=0.594, val_loss=1.2, val_accuracy=0.608]  
 45%|████▍     | 112/250 [14:32<17:46,  7.73s/epoch, loss=1.2, accuracy=0.565, val_loss=1.12, val_accuracy=0.625]
 45%|████▌     | 113/250 [14:40<17:45,  7.78s/epoch, loss=1.53, accuracy=0.586, val_loss=1.86, val_accuracy=0.564]
 46%|████▌     | 114/250 [14:48<17:40,  7.80s/epoch, loss=1.74, accuracy=0.558, val_loss=1.64, val_accuracy=0.513]
 46%|████▌     | 115/250 [14:55<17:27,  7.76s/epoch, loss=1.53, accuracy=0.567, val_loss=1.43, val_accuracy=0.582]
 46%|████▋     | 116/250 [15:03<17:11,  7.70s/epoch, loss=1.34, accuracy=0.556, val_loss=1.26, val_accuracy=0.581]
 47%|████▋     | 117/250 [15:11<17:01,  7.68s/epoch, loss=1.19, accuracy=0.577, val_loss=1.25, val_accuracy=0.513]
 47%|████▋     | 118/250 [15:19<17:01,  7.74s/epoch, loss=1.09, accuracy=0.58, val_loss=1.03, val_accuracy=0.598] 
 48%|████▊     | 119/250 [15:26<16:57,  7.77s/epoch, loss=1.03, accuracy=0.578, val_loss=0.982, val_accuracy=0.606]
 48%|████▊     | 120/250 [15:34<16:50,  7.78s/epoch, loss=1.28, accuracy=0.594, val_loss=1.34, val_accuracy=0.488] 
 48%|████▊     | 121/250 [15:42<16:42,  7.77s/epoch, loss=1.19, accuracy=0.614, val_loss=1.12, val_accuracy=0.599]
 49%|████▉     | 122/250 [15:50<16:33,  7.76s/epoch, loss=1.09, accuracy=0.604, val_loss=1.07, val_accuracy=0.614]
 49%|████▉     | 123/250 [15:57<16:25,  7.76s/epoch, loss=1, accuracy=0.622, val_loss=0.945, val_accuracy=0.623]  
 50%|████▉     | 124/250 [16:05<16:12,  7.72s/epoch, loss=0.938, accuracy=0.645, val_loss=0.925, val_accuracy=0.646]
 50%|█████     | 125/250 [16:13<16:04,  7.71s/epoch, loss=0.915, accuracy=0.657, val_loss=0.935, val_accuracy=0.661]
 50%|█████     | 126/250 [16:20<15:56,  7.71s/epoch, loss=0.924, accuracy=0.634, val_loss=0.94, val_accuracy=0.604] 
 51%|█████     | 127/250 [16:28<15:48,  7.71s/epoch, loss=0.889, accuracy=0.636, val_loss=0.887, val_accuracy=0.637]
 51%|█████     | 128/250 [16:36<15:42,  7.72s/epoch, loss=0.871, accuracy=0.633, val_loss=0.877, val_accuracy=0.636]
 52%|█████▏    | 129/250 [16:44<15:35,  7.73s/epoch, loss=0.862, accuracy=0.644, val_loss=0.857, val_accuracy=0.656]
 52%|█████▏    | 130/250 [16:51<15:28,  7.74s/epoch, loss=0.856, accuracy=0.65, val_loss=0.844, val_accuracy=0.635] 
 52%|█████▏    | 131/250 [16:59<15:18,  7.72s/epoch, loss=0.83, accuracy=0.659, val_loss=0.887, val_accuracy=0.62] 
 53%|█████▎    | 132/250 [17:07<15:10,  7.71s/epoch, loss=0.887, accuracy=0.628, val_loss=0.9, val_accuracy=0.611]
 53%|█████▎    | 133/250 [17:14<14:59,  7.69s/epoch, loss=0.903, accuracy=0.598, val_loss=0.878, val_accuracy=0.623]
 54%|█████▎    | 134/250 [17:22<14:51,  7.69s/epoch, loss=0.947, accuracy=0.628, val_loss=0.985, val_accuracy=0.593]
 54%|█████▍    | 135/250 [17:30<14:43,  7.68s/epoch, loss=0.976, accuracy=0.603, val_loss=0.95, val_accuracy=0.625] 
 54%|█████▍    | 136/250 [17:38<14:40,  7.73s/epoch, loss=0.942, accuracy=0.609, val_loss=0.929, val_accuracy=0.602]
 55%|█████▍    | 137/250 [17:45<14:30,  7.71s/epoch, loss=0.954, accuracy=0.565, val_loss=0.918, val_accuracy=0.549]
 55%|█████▌    | 138/250 [17:53<14:24,  7.72s/epoch, loss=0.916, accuracy=0.597, val_loss=0.887, val_accuracy=0.571]
 56%|█████▌    | 139/250 [18:01<14:17,  7.72s/epoch, loss=0.878, accuracy=0.619, val_loss=0.895, val_accuracy=0.608]
 56%|█████▌    | 140/250 [18:09<14:10,  7.73s/epoch, loss=0.989, accuracy=0.637, val_loss=1.09, val_accuracy=0.516] 
 56%|█████▋    | 141/250 [18:16<14:07,  7.78s/epoch, loss=1.05, accuracy=0.565, val_loss=0.982, val_accuracy=0.627]
 57%|█████▋    | 142/250 [18:24<14:06,  7.84s/epoch, loss=0.999, accuracy=0.589, val_loss=0.945, val_accuracy=0.64]
 57%|█████▋    | 143/250 [18:32<14:01,  7.87s/epoch, loss=0.926, accuracy=0.621, val_loss=0.887, val_accuracy=0.62]
 58%|█████▊    | 144/250 [18:40<13:55,  7.88s/epoch, loss=0.863, accuracy=0.656, val_loss=0.847, val_accuracy=0.666]
 58%|█████▊    | 145/250 [18:48<13:46,  7.87s/epoch, loss=0.883, accuracy=0.657, val_loss=1.06, val_accuracy=0.608] 
 58%|█████▊    | 146/250 [18:56<13:32,  7.81s/epoch, loss=1.48, accuracy=0.663, val_loss=1.47, val_accuracy=0.643] 
 59%|█████▉    | 147/250 [19:03<13:18,  7.75s/epoch, loss=1.45, accuracy=0.596, val_loss=1.37, val_accuracy=0.591]
 59%|█████▉    | 148/250 [19:11<13:05,  7.71s/epoch, loss=1.32, accuracy=0.573, val_loss=1.23, val_accuracy=0.571]
 60%|█████▉    | 149/250 [19:19<12:53,  7.66s/epoch, loss=1.21, accuracy=0.574, val_loss=1.16, val_accuracy=0.604]
 60%|██████    | 150/250 [19:26<12:41,  7.62s/epoch, loss=1.17, accuracy=0.544, val_loss=1.13, val_accuracy=0.523]
 60%|██████    | 151/250 [19:34<12:32,  7.60s/epoch, loss=1.11, accuracy=0.525, val_loss=1.04, val_accuracy=0.513]
 61%|██████    | 152/250 [19:41<12:23,  7.59s/epoch, loss=1.02, accuracy=0.544, val_loss=0.967, val_accuracy=0.568]
 61%|██████    | 153/250 [19:49<12:16,  7.59s/epoch, loss=0.937, accuracy=0.566, val_loss=0.902, val_accuracy=0.514]
 62%|██████▏   | 154/250 [19:56<12:09,  7.60s/epoch, loss=0.879, accuracy=0.596, val_loss=0.84, val_accuracy=0.652] 
 62%|██████▏   | 155/250 [20:04<12:00,  7.58s/epoch, loss=0.846, accuracy=0.639, val_loss=0.836, val_accuracy=0.615]
 62%|██████▏   | 156/250 [20:12<11:53,  7.59s/epoch, loss=0.819, accuracy=0.66, val_loss=0.931, val_accuracy=0.578] 
 63%|██████▎   | 157/250 [20:19<11:48,  7.61s/epoch, loss=0.849, accuracy=0.653, val_loss=0.855, val_accuracy=0.664]
 63%|██████▎   | 158/250 [20:27<11:40,  7.62s/epoch, loss=0.913, accuracy=0.6, val_loss=0.953, val_accuracy=0.513]  
 64%|██████▎   | 159/250 [20:34<11:31,  7.60s/epoch, loss=0.935, accuracy=0.525, val_loss=0.97, val_accuracy=0.487]
 64%|██████▍   | 160/250 [20:42<11:25,  7.61s/epoch, loss=0.894, accuracy=0.568, val_loss=0.878, val_accuracy=0.588]
 64%|██████▍   | 161/250 [20:50<11:22,  7.66s/epoch, loss=0.869, accuracy=0.56, val_loss=0.86, val_accuracy=0.635]  
 65%|██████▍   | 162/250 [20:58<11:15,  7.68s/epoch, loss=0.833, accuracy=0.624, val_loss=0.803, val_accuracy=0.66]
 65%|██████▌   | 163/250 [21:05<11:07,  7.68s/epoch, loss=0.82, accuracy=0.629, val_loss=0.925, val_accuracy=0.585]
 66%|██████▌   | 164/250 [21:13<10:58,  7.66s/epoch, loss=0.796, accuracy=0.648, val_loss=0.829, val_accuracy=0.652]
 66%|██████▌   | 165/250 [21:20<10:50,  7.65s/epoch, loss=0.797, accuracy=0.659, val_loss=0.826, val_accuracy=0.644]
 66%|██████▋   | 166/250 [21:28<10:39,  7.61s/epoch, loss=0.828, accuracy=0.65, val_loss=0.835, val_accuracy=0.635] 
 67%|██████▋   | 167/250 [21:35<10:30,  7.59s/epoch, loss=0.865, accuracy=0.648, val_loss=0.913, val_accuracy=0.555]
 67%|██████▋   | 168/250 [21:43<10:24,  7.61s/epoch, loss=0.908, accuracy=0.59, val_loss=0.903, val_accuracy=0.605] 
 68%|██████▊   | 169/250 [21:51<10:20,  7.66s/epoch, loss=0.9, accuracy=0.572, val_loss=0.878, val_accuracy=0.604] 
 68%|██████▊   | 170/250 [21:59<10:14,  7.68s/epoch, loss=0.904, accuracy=0.604, val_loss=0.941, val_accuracy=0.615]
 68%|██████▊   | 171/250 [22:06<10:08,  7.70s/epoch, loss=0.918, accuracy=0.626, val_loss=0.888, val_accuracy=0.657]
 69%|██████▉   | 172/250 [22:14<10:01,  7.71s/epoch, loss=0.901, accuracy=0.643, val_loss=0.956, val_accuracy=0.571]
 69%|██████▉   | 173/250 [22:22<09:54,  7.72s/epoch, loss=0.893, accuracy=0.638, val_loss=0.867, val_accuracy=0.653]
 70%|██████▉   | 174/250 [22:30<09:47,  7.73s/epoch, loss=0.878, accuracy=0.644, val_loss=0.899, val_accuracy=0.55] 
 70%|███████   | 175/250 [22:37<09:38,  7.72s/epoch, loss=0.891, accuracy=0.634, val_loss=0.914, val_accuracy=0.585]
 70%|███████   | 176/250 [22:45<09:29,  7.70s/epoch, loss=0.93, accuracy=0.591, val_loss=0.989, val_accuracy=0.581] 
 71%|███████   | 177/250 [22:53<09:20,  7.68s/epoch, loss=0.913, accuracy=0.601, val_loss=0.935, val_accuracy=0.608]
 71%|███████   | 178/250 [23:00<09:13,  7.69s/epoch, loss=0.877, accuracy=0.638, val_loss=0.859, val_accuracy=0.641]
 72%|███████▏  | 179/250 [23:08<09:07,  7.71s/epoch, loss=0.846, accuracy=0.655, val_loss=0.828, val_accuracy=0.673]
 72%|███████▏  | 180/250 [23:16<08:59,  7.71s/epoch, loss=0.822, accuracy=0.673, val_loss=0.835, val_accuracy=0.663]
 72%|███████▏  | 181/250 [23:24<08:51,  7.71s/epoch, loss=0.846, accuracy=0.644, val_loss=0.859, val_accuracy=0.615]
 73%|███████▎  | 182/250 [23:31<08:45,  7.73s/epoch, loss=0.871, accuracy=0.638, val_loss=0.877, val_accuracy=0.641]
 73%|███████▎  | 183/250 [23:39<08:37,  7.73s/epoch, loss=0.933, accuracy=0.639, val_loss=0.95, val_accuracy=0.633] 
 74%|███████▎  | 184/250 [23:47<08:29,  7.73s/epoch, loss=0.943, accuracy=0.627, val_loss=0.939, val_accuracy=0.625]
 74%|███████▍  | 185/250 [23:54<08:22,  7.72s/epoch, loss=0.95, accuracy=0.604, val_loss=0.925, val_accuracy=0.631] 
 74%|███████▍  | 186/250 [24:02<08:12,  7.70s/epoch, loss=0.933, accuracy=0.61, val_loss=0.926, val_accuracy=0.639]
 75%|███████▍  | 187/250 [24:10<08:03,  7.67s/epoch, loss=0.921, accuracy=0.611, val_loss=0.907, val_accuracy=0.603]
 75%|███████▌  | 188/250 [24:17<07:57,  7.71s/epoch, loss=0.938, accuracy=0.583, val_loss=0.917, val_accuracy=0.599]
 76%|███████▌  | 189/250 [24:25<07:50,  7.72s/epoch, loss=0.892, accuracy=0.607, val_loss=1.09, val_accuracy=0.513] 
 76%|███████▌  | 190/250 [24:33<07:41,  7.70s/epoch, loss=0.941, accuracy=0.606, val_loss=0.969, val_accuracy=0.61]
 76%|███████▋  | 191/250 [24:41<07:34,  7.71s/epoch, loss=0.934, accuracy=0.615, val_loss=1.11, val_accuracy=0.513]
 77%|███████▋  | 192/250 [24:48<07:28,  7.72s/epoch, loss=0.934, accuracy=0.609, val_loss=0.908, val_accuracy=0.603]
 77%|███████▋  | 193/250 [24:56<07:21,  7.75s/epoch, loss=0.908, accuracy=0.594, val_loss=0.894, val_accuracy=0.594]
 78%|███████▊  | 194/250 [25:04<07:15,  7.78s/epoch, loss=0.883, accuracy=0.607, val_loss=0.866, val_accuracy=0.632]
 78%|███████▊  | 195/250 [25:12<07:08,  7.79s/epoch, loss=0.861, accuracy=0.645, val_loss=0.864, val_accuracy=0.659]
 78%|███████▊  | 196/250 [25:20<06:59,  7.77s/epoch, loss=0.903, accuracy=0.599, val_loss=0.872, val_accuracy=0.619]
 79%|███████▉  | 197/250 [25:27<06:49,  7.72s/epoch, loss=0.873, accuracy=0.606, val_loss=0.866, val_accuracy=0.618]
 79%|███████▉  | 198/250 [25:35<06:42,  7.73s/epoch, loss=0.864, accuracy=0.606, val_loss=0.855, val_accuracy=0.622]
 80%|███████▉  | 199/250 [25:43<06:33,  7.72s/epoch, loss=0.829, accuracy=0.627, val_loss=0.827, val_accuracy=0.646]
 80%|████████  | 200/250 [25:50<06:25,  7.71s/epoch, loss=0.819, accuracy=0.64, val_loss=0.811, val_accuracy=0.631] 
 80%|████████  | 201/250 [25:58<06:17,  7.70s/epoch, loss=0.808, accuracy=0.649, val_loss=0.82, val_accuracy=0.659]
 81%|████████  | 202/250 [26:06<06:08,  7.68s/epoch, loss=0.849, accuracy=0.645, val_loss=0.86, val_accuracy=0.674]
 81%|████████  | 203/250 [26:13<06:00,  7.67s/epoch, loss=0.903, accuracy=0.622, val_loss=0.927, val_accuracy=0.596]
 82%|████████▏ | 204/250 [26:21<05:53,  7.69s/epoch, loss=0.915, accuracy=0.593, val_loss=0.882, val_accuracy=0.623]
 82%|████████▏ | 205/250 [26:29<05:45,  7.69s/epoch, loss=0.889, accuracy=0.598, val_loss=0.865, val_accuracy=0.613]
 82%|████████▏ | 206/250 [26:36<05:39,  7.71s/epoch, loss=0.86, accuracy=0.61, val_loss=0.853, val_accuracy=0.627]  
 83%|████████▎ | 207/250 [26:44<05:30,  7.70s/epoch, loss=0.851, accuracy=0.619, val_loss=0.853, val_accuracy=0.616]
 83%|████████▎ | 208/250 [26:52<05:22,  7.69s/epoch, loss=0.826, accuracy=0.642, val_loss=0.914, val_accuracy=0.573]
 84%|████████▎ | 209/250 [26:59<05:15,  7.69s/epoch, loss=0.891, accuracy=0.65, val_loss=0.953, val_accuracy=0.614] 
 84%|████████▍ | 210/250 [27:07<05:07,  7.69s/epoch, loss=0.889, accuracy=0.664, val_loss=0.874, val_accuracy=0.672]
 84%|████████▍ | 211/250 [27:15<04:59,  7.68s/epoch, loss=0.863, accuracy=0.658, val_loss=0.848, val_accuracy=0.658]
 85%|████████▍ | 212/250 [27:23<04:52,  7.69s/epoch, loss=0.872, accuracy=0.653, val_loss=0.874, val_accuracy=0.642]
 85%|████████▌ | 213/250 [27:30<04:44,  7.68s/epoch, loss=0.845, accuracy=0.666, val_loss=0.874, val_accuracy=0.595]
 86%|████████▌ | 214/250 [27:38<04:36,  7.67s/epoch, loss=0.865, accuracy=0.632, val_loss=0.929, val_accuracy=0.572]
 86%|████████▌ | 215/250 [27:46<04:28,  7.68s/epoch, loss=0.861, accuracy=0.63, val_loss=0.85, val_accuracy=0.618]  
 86%|████████▋ | 216/250 [27:53<04:21,  7.69s/epoch, loss=0.842, accuracy=0.655, val_loss=0.837, val_accuracy=0.667]
 87%|████████▋ | 217/250 [28:01<04:13,  7.69s/epoch, loss=0.853, accuracy=0.652, val_loss=0.859, val_accuracy=0.635]
 87%|████████▋ | 218/250 [28:08<04:04,  7.64s/epoch, loss=0.856, accuracy=0.632, val_loss=0.901, val_accuracy=0.63] 
 88%|████████▊ | 219/250 [28:16<03:57,  7.65s/epoch, loss=0.856, accuracy=0.635, val_loss=0.877, val_accuracy=0.623]
 88%|████████▊ | 220/250 [28:24<03:50,  7.67s/epoch, loss=0.913, accuracy=0.601, val_loss=0.947, val_accuracy=0.487]
 88%|████████▊ | 221/250 [28:32<03:43,  7.69s/epoch, loss=1.42, accuracy=0.579, val_loss=3.3, val_accuracy=0.573]   
 89%|████████▉ | 222/250 [28:39<03:35,  7.69s/epoch, loss=3.04, accuracy=0.57, val_loss=2.69, val_accuracy=0.598]
 89%|████████▉ | 223/250 [28:47<03:25,  7.61s/epoch, loss=2.42, accuracy=0.605, val_loss=2.2, val_accuracy=0.636]
 90%|████████▉ | 224/250 [28:54<03:18,  7.62s/epoch, loss=1.96, accuracy=0.638, val_loss=1.82, val_accuracy=0.628]
 90%|█████████ | 225/250 [29:02<03:11,  7.64s/epoch, loss=1.64, accuracy=0.653, val_loss=1.52, val_accuracy=0.649]
 90%|█████████ | 226/250 [29:10<03:03,  7.65s/epoch, loss=1.4, accuracy=0.665, val_loss=1.33, val_accuracy=0.643] 
 91%|█████████ | 227/250 [29:17<02:56,  7.66s/epoch, loss=1.26, accuracy=0.661, val_loss=1.21, val_accuracy=0.659]
 91%|█████████ | 228/250 [29:25<02:46,  7.59s/epoch, loss=1.18, accuracy=0.641, val_loss=1.13, val_accuracy=0.64] 
 92%|█████████▏| 229/250 [29:32<02:39,  7.59s/epoch, loss=1.13, accuracy=0.612, val_loss=1.08, val_accuracy=0.616]
 92%|█████████▏| 230/250 [29:40<02:31,  7.58s/epoch, loss=1.07, accuracy=0.608, val_loss=1.04, val_accuracy=0.625]
 92%|█████████▏| 231/250 [29:48<02:23,  7.57s/epoch, loss=0.998, accuracy=0.63, val_loss=1, val_accuracy=0.638]   
 93%|█████████▎| 232/250 [29:55<02:16,  7.56s/epoch, loss=0.984, accuracy=0.625, val_loss=1.01, val_accuracy=0.601]
 93%|█████████▎| 233/250 [30:03<02:08,  7.55s/epoch, loss=0.954, accuracy=0.614, val_loss=0.967, val_accuracy=0.628]
 94%|█████████▎| 234/250 [30:10<02:01,  7.59s/epoch, loss=0.94, accuracy=0.634, val_loss=0.97, val_accuracy=0.622]  
 94%|█████████▍| 235/250 [30:18<01:53,  7.60s/epoch, loss=0.944, accuracy=0.605, val_loss=0.891, val_accuracy=0.63]
 94%|█████████▍| 236/250 [30:26<01:46,  7.64s/epoch, loss=0.899, accuracy=0.638, val_loss=0.927, val_accuracy=0.617]
 95%|█████████▍| 237/250 [30:33<01:38,  7.61s/epoch, loss=0.93, accuracy=0.596, val_loss=0.97, val_accuracy=0.515]  
 95%|█████████▌| 238/250 [30:41<01:31,  7.61s/epoch, loss=0.933, accuracy=0.59, val_loss=0.902, val_accuracy=0.615]
 96%|█████████▌| 239/250 [30:49<01:24,  7.67s/epoch, loss=0.89, accuracy=0.596, val_loss=0.901, val_accuracy=0.557]
 96%|█████████▌| 240/250 [30:56<01:16,  7.69s/epoch, loss=0.886, accuracy=0.59, val_loss=0.896, val_accuracy=0.488]
 96%|█████████▋| 241/250 [31:04<01:09,  7.69s/epoch, loss=0.86, accuracy=0.625, val_loss=0.93, val_accuracy=0.513] 
 97%|█████████▋| 242/250 [31:12<01:01,  7.68s/epoch, loss=0.856, accuracy=0.616, val_loss=0.92, val_accuracy=0.529]
 97%|█████████▋| 243/250 [31:19<00:53,  7.66s/epoch, loss=0.872, accuracy=0.622, val_loss=0.916, val_accuracy=0.56]
 98%|█████████▊| 244/250 [31:27<00:46,  7.68s/epoch, loss=0.921, accuracy=0.515, val_loss=0.875, val_accuracy=0.571]
 98%|█████████▊| 245/250 [31:35<00:38,  7.70s/epoch, loss=0.872, accuracy=0.561, val_loss=0.89, val_accuracy=0.61]  
 98%|█████████▊| 246/250 [31:42<00:30,  7.69s/epoch, loss=0.846, accuracy=0.595, val_loss=0.846, val_accuracy=0.461]
 99%|█████████▉| 247/250 [31:50<00:22,  7.64s/epoch, loss=0.87, accuracy=0.601, val_loss=0.935, val_accuracy=0.57]  
 99%|█████████▉| 248/250 [31:57<00:15,  7.61s/epoch, loss=0.929, accuracy=0.588, val_loss=0.893, val_accuracy=0.615]
100%|█████████▉| 249/250 [32:05<00:07,  7.62s/epoch, loss=0.903, accuracy=0.607, val_loss=0.915, val_accuracy=0.579]
100%|██████████| 250/250 [32:13<00:00,  7.62s/epoch, loss=0.912, accuracy=0.562, val_loss=0.881, val_accuracy=0.574]
100%|██████████| 250/250 [32:13<00:00,  7.73s/epoch, loss=0.912, accuracy=0.562, val_loss=0.881, val_accuracy=0.574]
Test score: 0.4498862624168396
Test accuracy: 0.8310800194740295


* * * Run SGD for ID = 2_2. * * *


2024-03-01 11:21:21.222172: I tensorflow/stream_executor/platform/default/dso_loader.cc:49] Successfully opened dynamic library libcudart.so.10.1
2024-03-01 11:21:24.524757: I tensorflow/compiler/jit/xla_cpu_device.cc:41] Not creating XLA devices, tf_xla_enable_xla_devices not set
2024-03-01 11:21:24.525989: I tensorflow/stream_executor/platform/default/dso_loader.cc:49] Successfully opened dynamic library libcuda.so.1
2024-03-01 11:21:24.563073: I tensorflow/core/common_runtime/gpu/gpu_device.cc:1720] Found device 0 with properties: 
pciBusID: 0000:83:00.0 name: NVIDIA TITAN X (Pascal) computeCapability: 6.1
coreClock: 1.531GHz coreCount: 28 deviceMemorySize: 11.90GiB deviceMemoryBandwidth: 447.48GiB/s
2024-03-01 11:21:24.563119: I tensorflow/stream_executor/platform/default/dso_loader.cc:49] Successfully opened dynamic library libcudart.so.10.1
2024-03-01 11:21:24.566196: I tensorflow/stream_executor/platform/default/dso_loader.cc:49] Successfully opened dynamic library libcublas.so.10
2024-03-01 11:21:24.566240: I tensorflow/stream_executor/platform/default/dso_loader.cc:49] Successfully opened dynamic library libcublasLt.so.10
2024-03-01 11:21:24.568456: I tensorflow/stream_executor/platform/default/dso_loader.cc:49] Successfully opened dynamic library libcufft.so.10
2024-03-01 11:21:24.569190: I tensorflow/stream_executor/platform/default/dso_loader.cc:49] Successfully opened dynamic library libcurand.so.10
2024-03-01 11:21:24.571591: I tensorflow/stream_executor/platform/default/dso_loader.cc:49] Successfully opened dynamic library libcusolver.so.10
2024-03-01 11:21:24.573144: I tensorflow/stream_executor/platform/default/dso_loader.cc:49] Successfully opened dynamic library libcusparse.so.10
2024-03-01 11:21:24.577826: I tensorflow/stream_executor/platform/default/dso_loader.cc:49] Successfully opened dynamic library libcudnn.so.7
2024-03-01 11:21:24.579138: I tensorflow/core/common_runtime/gpu/gpu_device.cc:1862] Adding visible gpu devices: 0
2024-03-01 11:21:24.579296: I tensorflow/compiler/jit/xla_cpu_device.cc:41] Not creating XLA devices, tf_xla_enable_xla_devices not set
<__array_function__ internals>:5: VisibleDeprecationWarning: Creating an ndarray from ragged nested sequences (which is a list-or-tuple of lists-or-tuples-or ndarrays with different lengths or shapes) is deprecated. If you meant to do this, you must specify 'dtype=object' when creating the ndarray
/home/gkb738/.conda/envs/TF_KERAS_GPU/lib/python3.9/site-packages/tensorflow/python/keras/datasets/imdb.py:159: VisibleDeprecationWarning: Creating an ndarray from ragged nested sequences (which is a list-or-tuple of lists-or-tuples-or ndarrays with different lengths or shapes) is deprecated. If you meant to do this, you must specify 'dtype=object' when creating the ndarray
  x_train, y_train = np.array(xs[:idx]), np.array(labels[:idx])
/home/gkb738/.conda/envs/TF_KERAS_GPU/lib/python3.9/site-packages/tensorflow/python/keras/datasets/imdb.py:160: VisibleDeprecationWarning: Creating an ndarray from ragged nested sequences (which is a list-or-tuple of lists-or-tuples-or ndarrays with different lengths or shapes) is deprecated. If you meant to do this, you must specify 'dtype=object' when creating the ndarray
  x_test, y_test = np.array(xs[idx:]), np.array(labels[idx:])
2024-03-01 11:21:30.031170: I tensorflow/core/platform/cpu_feature_guard.cc:142] This TensorFlow binary is optimized with oneAPI Deep Neural Network Library (oneDNN) to use the following CPU instructions in performance-critical operations:  SSE4.1 SSE4.2 AVX AVX2 FMA
To enable them in other operations, rebuild TensorFlow with the appropriate compiler flags.
2024-03-01 11:21:30.031688: I tensorflow/compiler/jit/xla_gpu_device.cc:99] Not creating XLA devices, tf_xla_enable_xla_devices not set
2024-03-01 11:21:30.042580: I tensorflow/core/common_runtime/gpu/gpu_device.cc:1720] Found device 0 with properties: 
pciBusID: 0000:83:00.0 name: NVIDIA TITAN X (Pascal) computeCapability: 6.1
coreClock: 1.531GHz coreCount: 28 deviceMemorySize: 11.90GiB deviceMemoryBandwidth: 447.48GiB/s
2024-03-01 11:21:30.042682: I tensorflow/stream_executor/platform/default/dso_loader.cc:49] Successfully opened dynamic library libcudart.so.10.1
2024-03-01 11:21:30.042784: I tensorflow/stream_executor/platform/default/dso_loader.cc:49] Successfully opened dynamic library libcublas.so.10
2024-03-01 11:21:30.042807: I tensorflow/stream_executor/platform/default/dso_loader.cc:49] Successfully opened dynamic library libcublasLt.so.10
2024-03-01 11:21:30.042827: I tensorflow/stream_executor/platform/default/dso_loader.cc:49] Successfully opened dynamic library libcufft.so.10
2024-03-01 11:21:30.042845: I tensorflow/stream_executor/platform/default/dso_loader.cc:49] Successfully opened dynamic library libcurand.so.10
2024-03-01 11:21:30.042864: I tensorflow/stream_executor/platform/default/dso_loader.cc:49] Successfully opened dynamic library libcusolver.so.10
2024-03-01 11:21:30.042881: I tensorflow/stream_executor/platform/default/dso_loader.cc:49] Successfully opened dynamic library libcusparse.so.10
2024-03-01 11:21:30.042899: I tensorflow/stream_executor/platform/default/dso_loader.cc:49] Successfully opened dynamic library libcudnn.so.7
2024-03-01 11:21:30.043396: I tensorflow/core/common_runtime/gpu/gpu_device.cc:1862] Adding visible gpu devices: 0
2024-03-01 11:21:30.043434: I tensorflow/stream_executor/platform/default/dso_loader.cc:49] Successfully opened dynamic library libcudart.so.10.1
2024-03-01 11:21:30.732557: I tensorflow/core/common_runtime/gpu/gpu_device.cc:1261] Device interconnect StreamExecutor with strength 1 edge matrix:
2024-03-01 11:21:30.732625: I tensorflow/core/common_runtime/gpu/gpu_device.cc:1267]      0 
2024-03-01 11:21:30.732635: I tensorflow/core/common_runtime/gpu/gpu_device.cc:1280] 0:   N 
2024-03-01 11:21:30.733594: I tensorflow/core/common_runtime/gpu/gpu_device.cc:1406] Created TensorFlow device (/job:localhost/replica:0/task:0/device:GPU:0 with 11227 MB memory) -> physical GPU (device: 0, name: NVIDIA TITAN X (Pascal), pci bus id: 0000:83:00.0, compute capability: 6.1)
{'id': '02_02', 'seed': 2, 'out_folder': 'results/epoch_budget', 'batch_size': 32, 'epochs': 250, 'validation_split': 0.2, 'checkpointing': True, 'initial_lr': 0.1, 'momentum': 0.98, 'nesterov': True, 'bootstrapping': False, 'map_optimizer': True, 'model': 'CNN-LSTM', 'tf_version': '2.4.1', 'keras_version': '2.4.3', 'GPU': 'NVIDIA TITAN X (Pascal)'}
Loading data...
Pad sequences (samples x time)
20000 train sequences
5000 validation sequences
25000 test sequences
x_train shape: (20000, 100)
x_val shape: (5000, 100)
x_test shape: (25000, 100)
Using MAP optimizer with reg_weight:  5e-05
CNN-LSTM

0epoch [00:00, ?epoch/s]
  0%|          | 0/250 [00:00<?, ?epoch/s]2024-03-01 11:21:31.166396: I tensorflow/compiler/mlir/mlir_graph_optimization_pass.cc:116] None of the MLIR optimization passes are enabled (registered 2)
2024-03-01 11:21:31.178123: I tensorflow/core/platform/profile_utils/cpu_utils.cc:112] CPU Frequency: 2600020000 Hz
2024-03-01 11:21:32.722531: I tensorflow/stream_executor/platform/default/dso_loader.cc:49] Successfully opened dynamic library libcublas.so.10
2024-03-01 11:21:32.903999: I tensorflow/stream_executor/platform/default/dso_loader.cc:49] Successfully opened dynamic library libcudnn.so.7
2024-03-01 11:21:33.668783: W tensorflow/stream_executor/gpu/asm_compiler.cc:63] Running ptxas --version returned 256
2024-03-01 11:21:33.742389: W tensorflow/stream_executor/gpu/redzone_allocator.cc:314] Internal: ptxas exited with non-zero error code 256, output: 
Relying on driver to perform ptx compilation. 
Modify $PATH to customize ptxas location.
This message will be only logged once.

  0%|          | 1/250 [00:14<1:02:03, 14.95s/epoch, loss=0.664, accuracy=0.634, val_loss=0.536, val_accuracy=0.788]
  1%|          | 2/250 [00:24<47:40, 11.54s/epoch, loss=0.482, accuracy=0.817, val_loss=0.472, val_accuracy=0.84]   
  1%|          | 3/250 [00:32<42:24, 10.30s/epoch, loss=0.425, accuracy=0.859, val_loss=0.469, val_accuracy=0.843]
  2%|▏         | 4/250 [00:41<39:31,  9.64s/epoch, loss=0.421, accuracy=0.878, val_loss=0.522, val_accuracy=0.831]
  2%|▏         | 5/250 [00:50<37:41,  9.23s/epoch, loss=0.443, accuracy=0.885, val_loss=0.562, val_accuracy=0.839]
  2%|▏         | 6/250 [00:58<36:26,  8.96s/epoch, loss=0.466, accuracy=0.892, val_loss=0.618, val_accuracy=0.839]
  3%|▎         | 7/250 [01:06<35:23,  8.74s/epoch, loss=0.667, accuracy=0.827, val_loss=0.967, val_accuracy=0.709]
  3%|▎         | 8/250 [01:15<34:43,  8.61s/epoch, loss=1.07, accuracy=0.67, val_loss=1.13, val_accuracy=0.663]   
  4%|▎         | 9/250 [01:23<34:10,  8.51s/epoch, loss=1.19, accuracy=0.603, val_loss=1.19, val_accuracy=0.593]
  4%|▍         | 10/250 [01:31<33:53,  8.47s/epoch, loss=1.12, accuracy=0.609, val_loss=1.1, val_accuracy=0.598]
  4%|▍         | 11/250 [01:39<33:25,  8.39s/epoch, loss=1.1, accuracy=0.556, val_loss=1.06, val_accuracy=0.492]
  5%|▍         | 12/250 [01:48<33:00,  8.32s/epoch, loss=1.02, accuracy=0.567, val_loss=1.03, val_accuracy=0.547]
  5%|▌         | 13/250 [01:56<32:56,  8.34s/epoch, loss=0.963, accuracy=0.587, val_loss=0.999, val_accuracy=0.509]
  6%|▌         | 14/250 [02:04<32:39,  8.30s/epoch, loss=0.932, accuracy=0.605, val_loss=0.927, val_accuracy=0.597]
  6%|▌         | 15/250 [02:13<32:28,  8.29s/epoch, loss=0.885, accuracy=0.649, val_loss=0.943, val_accuracy=0.626]
  6%|▋         | 16/250 [02:21<32:08,  8.24s/epoch, loss=0.96, accuracy=0.643, val_loss=0.96, val_accuracy=0.644]  
  7%|▋         | 17/250 [02:29<32:12,  8.29s/epoch, loss=0.951, accuracy=0.647, val_loss=0.952, val_accuracy=0.647]
  7%|▋         | 18/250 [02:37<32:12,  8.33s/epoch, loss=0.939, accuracy=0.652, val_loss=0.919, val_accuracy=0.643]
  8%|▊         | 19/250 [02:46<32:17,  8.39s/epoch, loss=0.9, accuracy=0.667, val_loss=0.928, val_accuracy=0.639]  
  8%|▊         | 20/250 [02:54<31:50,  8.31s/epoch, loss=0.891, accuracy=0.67, val_loss=0.887, val_accuracy=0.671]
  8%|▊         | 21/250 [03:03<31:55,  8.37s/epoch, loss=0.95, accuracy=0.631, val_loss=0.942, val_accuracy=0.619]
  9%|▉         | 22/250 [03:11<31:33,  8.31s/epoch, loss=0.937, accuracy=0.637, val_loss=0.977, val_accuracy=0.589]
  9%|▉         | 23/250 [03:19<31:24,  8.30s/epoch, loss=0.944, accuracy=0.61, val_loss=0.912, val_accuracy=0.635] 
 10%|▉         | 24/250 [03:27<31:06,  8.26s/epoch, loss=0.918, accuracy=0.619, val_loss=0.888, val_accuracy=0.653]
 10%|█         | 25/250 [03:36<31:04,  8.29s/epoch, loss=0.945, accuracy=0.612, val_loss=0.946, val_accuracy=0.515]
 10%|█         | 26/250 [03:44<31:05,  8.33s/epoch, loss=0.925, accuracy=0.622, val_loss=0.906, val_accuracy=0.638]
 11%|█         | 27/250 [03:53<31:15,  8.41s/epoch, loss=0.926, accuracy=0.621, val_loss=1.02, val_accuracy=0.509] 
 11%|█         | 28/250 [04:01<30:58,  8.37s/epoch, loss=0.958, accuracy=0.585, val_loss=0.93, val_accuracy=0.587]
 12%|█▏        | 29/250 [04:09<30:45,  8.35s/epoch, loss=0.94, accuracy=0.584, val_loss=0.915, val_accuracy=0.616]
 12%|█▏        | 30/250 [04:18<30:41,  8.37s/epoch, loss=0.91, accuracy=0.6, val_loss=0.873, val_accuracy=0.629]  
 12%|█▏        | 31/250 [04:26<30:25,  8.33s/epoch, loss=0.891, accuracy=0.618, val_loss=0.875, val_accuracy=0.666]
 13%|█▎        | 32/250 [04:34<30:04,  8.28s/epoch, loss=0.897, accuracy=0.611, val_loss=0.916, val_accuracy=0.589]
 13%|█▎        | 33/250 [04:42<29:39,  8.20s/epoch, loss=0.864, accuracy=0.628, val_loss=0.876, val_accuracy=0.614]
 14%|█▎        | 34/250 [04:50<29:38,  8.23s/epoch, loss=0.882, accuracy=0.612, val_loss=0.873, val_accuracy=0.632]
 14%|█▍        | 35/250 [04:58<29:20,  8.19s/epoch, loss=0.888, accuracy=0.599, val_loss=0.842, val_accuracy=0.633]
 14%|█▍        | 36/250 [05:06<29:01,  8.14s/epoch, loss=0.867, accuracy=0.604, val_loss=0.858, val_accuracy=0.608]
 15%|█▍        | 37/250 [05:15<29:00,  8.17s/epoch, loss=0.99, accuracy=0.612, val_loss=1.27, val_accuracy=0.604]  
 15%|█▌        | 38/250 [05:23<29:08,  8.25s/epoch, loss=1.2, accuracy=0.61, val_loss=1.15, val_accuracy=0.616]  
 16%|█▌        | 39/250 [05:32<29:09,  8.29s/epoch, loss=1.08, accuracy=0.615, val_loss=1.08, val_accuracy=0.608]
 16%|█▌        | 40/250 [05:40<28:56,  8.27s/epoch, loss=1, accuracy=0.621, val_loss=0.976, val_accuracy=0.634]  
 16%|█▋        | 41/250 [05:48<28:47,  8.27s/epoch, loss=0.963, accuracy=0.618, val_loss=0.948, val_accuracy=0.614]
 17%|█▋        | 42/250 [05:56<28:35,  8.25s/epoch, loss=0.953, accuracy=0.618, val_loss=0.954, val_accuracy=0.659]
 17%|█▋        | 43/250 [06:04<28:17,  8.20s/epoch, loss=0.949, accuracy=0.622, val_loss=0.96, val_accuracy=0.606] 
 18%|█▊        | 44/250 [06:13<28:13,  8.22s/epoch, loss=0.939, accuracy=0.6, val_loss=0.934, val_accuracy=0.606] 
 18%|█▊        | 45/250 [06:21<27:58,  8.19s/epoch, loss=0.932, accuracy=0.581, val_loss=0.917, val_accuracy=0.506]
 18%|█▊        | 46/250 [06:29<27:56,  8.22s/epoch, loss=0.891, accuracy=0.599, val_loss=0.861, val_accuracy=0.625]
 19%|█▉        | 47/250 [06:37<27:52,  8.24s/epoch, loss=0.905, accuracy=0.616, val_loss=0.938, val_accuracy=0.616]
 19%|█▉        | 48/250 [06:46<27:47,  8.26s/epoch, loss=0.927, accuracy=0.631, val_loss=0.934, val_accuracy=0.625]
 20%|█▉        | 49/250 [06:54<27:43,  8.28s/epoch, loss=0.941, accuracy=0.598, val_loss=0.903, val_accuracy=0.623]
 20%|██        | 50/250 [07:02<27:35,  8.28s/epoch, loss=0.892, accuracy=0.615, val_loss=0.872, val_accuracy=0.639]
 20%|██        | 51/250 [07:10<27:26,  8.27s/epoch, loss=0.884, accuracy=0.611, val_loss=0.879, val_accuracy=0.519]
 21%|██        | 52/250 [07:19<27:12,  8.24s/epoch, loss=0.859, accuracy=0.597, val_loss=0.849, val_accuracy=0.603]
 21%|██        | 53/250 [07:27<27:13,  8.29s/epoch, loss=0.854, accuracy=0.592, val_loss=0.836, val_accuracy=0.62] 
 22%|██▏       | 54/250 [07:35<27:08,  8.31s/epoch, loss=0.851, accuracy=0.602, val_loss=0.897, val_accuracy=0.575]
 22%|██▏       | 55/250 [07:44<27:02,  8.32s/epoch, loss=0.84, accuracy=0.618, val_loss=0.818, val_accuracy=0.628] 
 22%|██▏       | 56/250 [07:52<26:39,  8.24s/epoch, loss=0.83, accuracy=0.615, val_loss=0.822, val_accuracy=0.624]
 23%|██▎       | 57/250 [08:00<26:21,  8.19s/epoch, loss=0.797, accuracy=0.651, val_loss=0.866, val_accuracy=0.555]
 23%|██▎       | 58/250 [08:08<26:32,  8.29s/epoch, loss=0.845, accuracy=0.63, val_loss=0.938, val_accuracy=0.538] 
 24%|██▎       | 59/250 [08:17<26:19,  8.27s/epoch, loss=0.9, accuracy=0.597, val_loss=0.883, val_accuracy=0.621] 
 24%|██▍       | 60/250 [08:25<26:20,  8.32s/epoch, loss=0.909, accuracy=0.6, val_loss=0.947, val_accuracy=0.619]
 24%|██▍       | 61/250 [08:33<26:17,  8.34s/epoch, loss=0.908, accuracy=0.619, val_loss=0.998, val_accuracy=0.491]
 25%|██▍       | 62/250 [08:42<26:08,  8.34s/epoch, loss=0.879, accuracy=0.606, val_loss=0.874, val_accuracy=0.585]
 25%|██▌       | 63/250 [08:50<26:04,  8.37s/epoch, loss=0.865, accuracy=0.617, val_loss=0.87, val_accuracy=0.628] 
 26%|██▌       | 64/250 [08:59<25:58,  8.38s/epoch, loss=0.835, accuracy=0.645, val_loss=0.856, val_accuracy=0.627]
 26%|██▌       | 65/250 [09:07<25:40,  8.33s/epoch, loss=0.842, accuracy=0.634, val_loss=0.87, val_accuracy=0.591] 
 26%|██▋       | 66/250 [09:15<25:24,  8.28s/epoch, loss=0.881, accuracy=0.6, val_loss=0.881, val_accuracy=0.583] 
 27%|██▋       | 67/250 [09:23<25:18,  8.30s/epoch, loss=0.877, accuracy=0.594, val_loss=0.871, val_accuracy=0.588]
 27%|██▋       | 68/250 [09:32<25:17,  8.34s/epoch, loss=0.865, accuracy=0.565, val_loss=0.837, val_accuracy=0.574]
 28%|██▊       | 69/250 [09:40<25:17,  8.38s/epoch, loss=0.846, accuracy=0.605, val_loss=0.873, val_accuracy=0.564]
 28%|██▊       | 70/250 [09:49<25:09,  8.39s/epoch, loss=0.846, accuracy=0.598, val_loss=0.842, val_accuracy=0.589]
 28%|██▊       | 71/250 [09:57<25:03,  8.40s/epoch, loss=0.842, accuracy=0.61, val_loss=0.833, val_accuracy=0.603] 
 29%|██▉       | 72/250 [10:06<24:59,  8.42s/epoch, loss=0.845, accuracy=0.61, val_loss=0.833, val_accuracy=0.578]
 29%|██▉       | 73/250 [10:14<24:49,  8.42s/epoch, loss=0.839, accuracy=0.61, val_loss=0.855, val_accuracy=0.616]
 30%|██▉       | 74/250 [10:22<24:24,  8.32s/epoch, loss=0.817, accuracy=0.633, val_loss=0.821, val_accuracy=0.637]
 30%|███       | 75/250 [10:30<24:17,  8.33s/epoch, loss=0.804, accuracy=0.649, val_loss=0.794, val_accuracy=0.644]
 30%|███       | 76/250 [10:39<24:08,  8.33s/epoch, loss=0.825, accuracy=0.626, val_loss=0.811, val_accuracy=0.651]
 31%|███       | 77/250 [10:47<23:55,  8.30s/epoch, loss=0.813, accuracy=0.655, val_loss=0.851, val_accuracy=0.569]
 31%|███       | 78/250 [10:55<23:38,  8.25s/epoch, loss=0.851, accuracy=0.647, val_loss=0.887, val_accuracy=0.608]
 32%|███▏      | 79/250 [11:03<23:25,  8.22s/epoch, loss=0.872, accuracy=0.625, val_loss=0.882, val_accuracy=0.611]
 32%|███▏      | 80/250 [11:12<23:27,  8.28s/epoch, loss=0.884, accuracy=0.62, val_loss=0.872, val_accuracy=0.656] 
 32%|███▏      | 81/250 [11:20<23:18,  8.27s/epoch, loss=0.909, accuracy=0.608, val_loss=0.978, val_accuracy=0.51]
 33%|███▎      | 82/250 [11:28<22:53,  8.18s/epoch, loss=0.912, accuracy=0.583, val_loss=0.883, val_accuracy=0.596]
 33%|███▎      | 83/250 [11:36<22:36,  8.12s/epoch, loss=0.896, accuracy=0.584, val_loss=0.854, val_accuracy=0.639]
 34%|███▎      | 84/250 [11:44<22:29,  8.13s/epoch, loss=0.863, accuracy=0.634, val_loss=0.866, val_accuracy=0.655]
 34%|███▍      | 85/250 [11:52<22:23,  8.14s/epoch, loss=0.876, accuracy=0.636, val_loss=0.846, val_accuracy=0.66] 
 34%|███▍      | 86/250 [12:00<22:15,  8.14s/epoch, loss=0.823, accuracy=0.68, val_loss=0.832, val_accuracy=0.663]
 35%|███▍      | 87/250 [12:09<22:18,  8.21s/epoch, loss=0.886, accuracy=0.646, val_loss=0.974, val_accuracy=0.591]
 35%|███▌      | 88/250 [12:17<22:15,  8.25s/epoch, loss=0.942, accuracy=0.593, val_loss=0.888, val_accuracy=0.646]
 36%|███▌      | 89/250 [12:25<22:09,  8.26s/epoch, loss=0.911, accuracy=0.623, val_loss=0.909, val_accuracy=0.63] 
 36%|███▌      | 90/250 [12:33<21:53,  8.21s/epoch, loss=0.924, accuracy=0.612, val_loss=0.888, val_accuracy=0.627]
 36%|███▋      | 91/250 [12:41<21:39,  8.17s/epoch, loss=0.895, accuracy=0.608, val_loss=0.885, val_accuracy=0.596]
 37%|███▋      | 92/250 [12:50<21:38,  8.22s/epoch, loss=0.906, accuracy=0.603, val_loss=0.87, val_accuracy=0.633] 
 37%|███▋      | 93/250 [12:58<21:38,  8.27s/epoch, loss=0.873, accuracy=0.625, val_loss=0.867, val_accuracy=0.592]
 38%|███▊      | 94/250 [13:06<21:23,  8.23s/epoch, loss=1.08, accuracy=0.573, val_loss=1.33, val_accuracy=0.514]  
 38%|███▊      | 95/250 [13:15<21:15,  8.23s/epoch, loss=1.26, accuracy=0.599, val_loss=1.22, val_accuracy=0.527]
 38%|███▊      | 96/250 [13:23<21:03,  8.21s/epoch, loss=1.15, accuracy=0.609, val_loss=1.09, val_accuracy=0.629]
 39%|███▉      | 97/250 [13:31<21:10,  8.31s/epoch, loss=1.09, accuracy=0.603, val_loss=1.05, val_accuracy=0.584]
 39%|███▉      | 98/250 [13:40<21:13,  8.38s/epoch, loss=1.02, accuracy=0.611, val_loss=1.01, val_accuracy=0.509]
 40%|███▉      | 99/250 [13:48<21:10,  8.42s/epoch, loss=0.986, accuracy=0.614, val_loss=0.984, val_accuracy=0.51]
 40%|████      | 100/250 [13:57<21:00,  8.40s/epoch, loss=0.964, accuracy=0.599, val_loss=0.94, val_accuracy=0.613]
 40%|████      | 101/250 [14:05<20:49,  8.38s/epoch, loss=0.926, accuracy=0.597, val_loss=0.905, val_accuracy=0.612]
 41%|████      | 102/250 [14:13<20:42,  8.39s/epoch, loss=0.862, accuracy=0.638, val_loss=0.859, val_accuracy=0.631]
 41%|████      | 103/250 [14:22<20:33,  8.39s/epoch, loss=0.814, accuracy=0.662, val_loss=1.04, val_accuracy=0.522] 
 42%|████▏     | 104/250 [14:30<20:18,  8.34s/epoch, loss=0.814, accuracy=0.667, val_loss=0.893, val_accuracy=0.633]
 42%|████▏     | 105/250 [14:38<20:02,  8.29s/epoch, loss=0.823, accuracy=0.659, val_loss=0.806, val_accuracy=0.662]
 42%|████▏     | 106/250 [14:46<19:51,  8.27s/epoch, loss=0.85, accuracy=0.656, val_loss=0.876, val_accuracy=0.633] 
 43%|████▎     | 107/250 [14:55<19:35,  8.22s/epoch, loss=0.891, accuracy=0.638, val_loss=0.959, val_accuracy=0.595]
 43%|████▎     | 108/250 [15:03<19:20,  8.17s/epoch, loss=0.915, accuracy=0.628, val_loss=0.912, val_accuracy=0.61] 
 44%|████▎     | 109/250 [15:11<19:20,  8.23s/epoch, loss=0.892, accuracy=0.638, val_loss=0.9, val_accuracy=0.642] 
 44%|████▍     | 110/250 [15:19<19:14,  8.24s/epoch, loss=1.11, accuracy=0.633, val_loss=1.71, val_accuracy=0.6]  
 44%|████▍     | 111/250 [15:27<19:06,  8.25s/epoch, loss=1.61, accuracy=0.613, val_loss=1.49, val_accuracy=0.603]
 45%|████▍     | 112/250 [15:36<18:57,  8.24s/epoch, loss=1.4, accuracy=0.604, val_loss=1.31, val_accuracy=0.615] 
 45%|████▌     | 113/250 [15:44<18:51,  8.26s/epoch, loss=1.25, accuracy=0.598, val_loss=1.21, val_accuracy=0.603]
 46%|████▌     | 114/250 [15:52<18:43,  8.26s/epoch, loss=1.13, accuracy=0.617, val_loss=1.07, val_accuracy=0.64] 
 46%|████▌     | 115/250 [16:01<18:36,  8.27s/epoch, loss=1.04, accuracy=0.659, val_loss=1.02, val_accuracy=0.668]
 46%|████▋     | 116/250 [16:09<18:22,  8.23s/epoch, loss=1.03, accuracy=0.644, val_loss=1, val_accuracy=0.642]   
 47%|████▋     | 117/250 [16:17<18:12,  8.21s/epoch, loss=0.967, accuracy=0.651, val_loss=0.906, val_accuracy=0.685]
 47%|████▋     | 118/250 [16:25<18:04,  8.21s/epoch, loss=0.915, accuracy=0.672, val_loss=0.928, val_accuracy=0.664]
 48%|████▊     | 119/250 [16:33<17:58,  8.24s/epoch, loss=1.43, accuracy=0.678, val_loss=1.52, val_accuracy=0.65]   
 48%|████▊     | 120/250 [16:42<17:46,  8.20s/epoch, loss=1.45, accuracy=0.647, val_loss=1.37, val_accuracy=0.646]
 48%|████▊     | 121/250 [16:50<17:38,  8.21s/epoch, loss=1.32, accuracy=0.637, val_loss=1.27, val_accuracy=0.627]
 49%|████▉     | 122/250 [16:58<17:28,  8.19s/epoch, loss=1.22, accuracy=0.601, val_loss=1.19, val_accuracy=0.509]
 49%|████▉     | 123/250 [17:06<17:26,  8.24s/epoch, loss=1.11, accuracy=0.627, val_loss=1.06, val_accuracy=0.623]
 50%|████▉     | 124/250 [17:15<17:19,  8.25s/epoch, loss=1.04, accuracy=0.621, val_loss=1.09, val_accuracy=0.491]
 50%|█████     | 125/250 [17:23<17:07,  8.22s/epoch, loss=1.01, accuracy=0.61, val_loss=0.988, val_accuracy=0.618]
 50%|█████     | 126/250 [17:31<17:04,  8.26s/epoch, loss=1, accuracy=0.584, val_loss=0.962, val_accuracy=0.598]  
 51%|█████     | 127/250 [17:39<16:57,  8.27s/epoch, loss=0.945, accuracy=0.602, val_loss=0.916, val_accuracy=0.63]
 51%|█████     | 128/250 [17:48<16:55,  8.32s/epoch, loss=0.898, accuracy=0.629, val_loss=0.847, val_accuracy=0.644]
 52%|█████▏    | 129/250 [17:56<16:53,  8.37s/epoch, loss=0.852, accuracy=0.663, val_loss=0.938, val_accuracy=0.645]
 52%|█████▏    | 130/250 [18:05<16:43,  8.36s/epoch, loss=0.969, accuracy=0.635, val_loss=0.946, val_accuracy=0.659]
 52%|█████▏    | 131/250 [18:13<16:40,  8.41s/epoch, loss=0.954, accuracy=0.647, val_loss=0.96, val_accuracy=0.631] 
 53%|█████▎    | 132/250 [18:22<16:35,  8.43s/epoch, loss=0.934, accuracy=0.637, val_loss=0.9, val_accuracy=0.659] 
 53%|█████▎    | 133/250 [18:30<16:28,  8.45s/epoch, loss=0.897, accuracy=0.646, val_loss=0.926, val_accuracy=0.632]
 54%|█████▎    | 134/250 [18:38<16:14,  8.40s/epoch, loss=0.906, accuracy=0.614, val_loss=0.854, val_accuracy=0.656]
 54%|█████▍    | 135/250 [18:46<15:56,  8.32s/epoch, loss=0.897, accuracy=0.615, val_loss=0.894, val_accuracy=0.617]
 54%|█████▍    | 136/250 [18:55<15:39,  8.24s/epoch, loss=0.888, accuracy=0.613, val_loss=0.898, val_accuracy=0.614]
 55%|█████▍    | 137/250 [19:03<15:27,  8.20s/epoch, loss=0.868, accuracy=0.621, val_loss=0.874, val_accuracy=0.611]
 55%|█████▌    | 138/250 [19:11<15:15,  8.17s/epoch, loss=1.57, accuracy=0.604, val_loss=2.15, val_accuracy=0.544]  
 56%|█████▌    | 139/250 [19:19<15:07,  8.18s/epoch, loss=1.9, accuracy=0.608, val_loss=1.73, val_accuracy=0.624] 
 56%|█████▌    | 140/250 [19:27<14:58,  8.17s/epoch, loss=1.61, accuracy=0.619, val_loss=1.47, val_accuracy=0.635]
 56%|█████▋    | 141/250 [19:35<14:48,  8.15s/epoch, loss=1.4, accuracy=0.625, val_loss=1.36, val_accuracy=0.621] 
 57%|█████▋    | 142/250 [19:43<14:37,  8.12s/epoch, loss=1.33, accuracy=0.565, val_loss=1.26, val_accuracy=0.532]
 57%|█████▋    | 143/250 [19:52<14:35,  8.18s/epoch, loss=1.2, accuracy=0.564, val_loss=1.23, val_accuracy=0.491] 
 58%|█████▊    | 144/250 [20:00<14:29,  8.20s/epoch, loss=1.12, accuracy=0.562, val_loss=1.06, val_accuracy=0.527]
 58%|█████▊    | 145/250 [20:08<14:24,  8.24s/epoch, loss=1.08, accuracy=0.579, val_loss=1.05, val_accuracy=0.64] 
 58%|█████▊    | 146/250 [20:16<14:14,  8.21s/epoch, loss=1.04, accuracy=0.616, val_loss=1.06, val_accuracy=0.578]
 59%|█████▉    | 147/250 [20:25<14:09,  8.25s/epoch, loss=0.985, accuracy=0.618, val_loss=0.978, val_accuracy=0.605]
 59%|█████▉    | 148/250 [20:33<14:02,  8.26s/epoch, loss=0.963, accuracy=0.603, val_loss=1.03, val_accuracy=0.556] 
 60%|█████▉    | 149/250 [20:41<13:52,  8.25s/epoch, loss=0.938, accuracy=0.604, val_loss=0.943, val_accuracy=0.501]
 60%|██████    | 150/250 [20:49<13:39,  8.19s/epoch, loss=0.918, accuracy=0.608, val_loss=0.906, val_accuracy=0.596]
 60%|██████    | 151/250 [20:57<13:31,  8.19s/epoch, loss=0.88, accuracy=0.623, val_loss=0.894, val_accuracy=0.637] 
 61%|██████    | 152/250 [21:06<13:21,  8.18s/epoch, loss=1.06, accuracy=0.619, val_loss=1.19, val_accuracy=0.575] 
 61%|██████    | 153/250 [21:14<13:18,  8.23s/epoch, loss=1.12, accuracy=0.612, val_loss=1.16, val_accuracy=0.567]
 62%|██████▏   | 154/250 [21:23<13:22,  8.36s/epoch, loss=1.06, accuracy=0.586, val_loss=1.14, val_accuracy=0.518]
 62%|██████▏   | 155/250 [21:31<13:24,  8.47s/epoch, loss=0.997, accuracy=0.604, val_loss=0.944, val_accuracy=0.649]
 62%|██████▏   | 156/250 [21:40<13:20,  8.52s/epoch, loss=0.937, accuracy=0.633, val_loss=0.92, val_accuracy=0.624] 
 63%|██████▎   | 157/250 [21:48<13:05,  8.44s/epoch, loss=0.907, accuracy=0.632, val_loss=0.889, val_accuracy=0.643]
 63%|██████▎   | 158/250 [21:56<12:45,  8.32s/epoch, loss=0.884, accuracy=0.629, val_loss=0.884, val_accuracy=0.614]
 64%|██████▎   | 159/250 [22:04<12:30,  8.25s/epoch, loss=0.861, accuracy=0.644, val_loss=0.851, val_accuracy=0.638]
 64%|██████▍   | 160/250 [22:12<12:18,  8.21s/epoch, loss=0.921, accuracy=0.642, val_loss=1.24, val_accuracy=0.631] 
 64%|██████▍   | 161/250 [22:21<12:09,  8.20s/epoch, loss=1.19, accuracy=0.608, val_loss=1.18, val_accuracy=0.522] 
 65%|██████▍   | 162/250 [22:29<11:57,  8.15s/epoch, loss=1.1, accuracy=0.585, val_loss=1.18, val_accuracy=0.491] 
 65%|██████▌   | 163/250 [22:37<11:44,  8.09s/epoch, loss=1.03, accuracy=0.603, val_loss=1, val_accuracy=0.613]  
 66%|██████▌   | 164/250 [22:45<11:33,  8.06s/epoch, loss=0.971, accuracy=0.622, val_loss=0.927, val_accuracy=0.644]
 66%|██████▌   | 165/250 [22:53<11:23,  8.04s/epoch, loss=0.941, accuracy=0.608, val_loss=0.922, val_accuracy=0.603]
 66%|██████▋   | 166/250 [23:01<11:15,  8.05s/epoch, loss=0.994, accuracy=0.618, val_loss=1.18, val_accuracy=0.634] 
 67%|██████▋   | 167/250 [23:09<11:05,  8.01s/epoch, loss=1.14, accuracy=0.614, val_loss=1.09, val_accuracy=0.623] 
 67%|██████▋   | 168/250 [23:16<10:54,  7.98s/epoch, loss=1.05, accuracy=0.628, val_loss=1.01, val_accuracy=0.629]
 68%|██████▊   | 169/250 [23:24<10:44,  7.95s/epoch, loss=0.98, accuracy=0.641, val_loss=0.944, val_accuracy=0.647]
 68%|██████▊   | 170/250 [23:32<10:38,  7.99s/epoch, loss=0.949, accuracy=0.633, val_loss=0.923, val_accuracy=0.626]
 68%|██████▊   | 171/250 [23:41<10:34,  8.03s/epoch, loss=0.893, accuracy=0.65, val_loss=0.896, val_accuracy=0.631] 
 69%|██████▉   | 172/250 [23:49<10:28,  8.06s/epoch, loss=1.01, accuracy=0.641, val_loss=1.07, val_accuracy=0.593] 
 69%|██████▉   | 173/250 [23:57<10:24,  8.11s/epoch, loss=1.02, accuracy=0.621, val_loss=0.997, val_accuracy=0.656]
 70%|██████▉   | 174/250 [24:05<10:19,  8.15s/epoch, loss=1.02, accuracy=0.623, val_loss=0.994, val_accuracy=0.638]
 70%|███████   | 175/250 [24:13<10:13,  8.17s/epoch, loss=0.968, accuracy=0.63, val_loss=0.954, val_accuracy=0.644]
 70%|███████   | 176/250 [24:22<10:07,  8.21s/epoch, loss=0.97, accuracy=0.595, val_loss=0.963, val_accuracy=0.593]
 71%|███████   | 177/250 [24:29<09:49,  8.07s/epoch, loss=0.924, accuracy=0.627, val_loss=0.895, val_accuracy=0.659]
 71%|███████   | 178/250 [24:37<09:21,  7.80s/epoch, loss=0.93, accuracy=0.614, val_loss=0.931, val_accuracy=0.594] 
 72%|███████▏  | 179/250 [24:44<08:59,  7.60s/epoch, loss=1.94, accuracy=0.597, val_loss=1.89, val_accuracy=0.638] 
 72%|███████▏  | 180/250 [24:51<08:44,  7.50s/epoch, loss=1.79, accuracy=0.603, val_loss=1.63, val_accuracy=0.608]
 72%|███████▏  | 181/250 [24:58<08:33,  7.44s/epoch, loss=1.54, accuracy=0.621, val_loss=1.48, val_accuracy=0.589]
 73%|███████▎  | 182/250 [25:05<08:21,  7.37s/epoch, loss=1.37, accuracy=0.629, val_loss=1.35, val_accuracy=0.569]
 73%|███████▎  | 183/250 [25:13<08:08,  7.29s/epoch, loss=1.26, accuracy=0.613, val_loss=1.19, val_accuracy=0.628]
 74%|███████▎  | 184/250 [25:20<08:01,  7.29s/epoch, loss=1.15, accuracy=0.639, val_loss=1.24, val_accuracy=0.641]
 74%|███████▍  | 185/250 [25:28<08:00,  7.39s/epoch, loss=1.23, accuracy=0.625, val_loss=1.16, val_accuracy=0.632]
 74%|███████▍  | 186/250 [25:35<08:00,  7.51s/epoch, loss=1.12, accuracy=0.644, val_loss=1.1, val_accuracy=0.638] 
 75%|███████▍  | 187/250 [25:43<07:56,  7.57s/epoch, loss=1.1, accuracy=0.618, val_loss=1.12, val_accuracy=0.631]
 75%|███████▌  | 188/250 [25:51<07:52,  7.63s/epoch, loss=1.06, accuracy=0.597, val_loss=1.05, val_accuracy=0.553]
 76%|███████▌  | 189/250 [25:59<07:47,  7.66s/epoch, loss=1.03, accuracy=0.568, val_loss=1.03, val_accuracy=0.589]
 76%|███████▌  | 190/250 [26:06<07:43,  7.72s/epoch, loss=1.01, accuracy=0.585, val_loss=1.02, val_accuracy=0.491]
 76%|███████▋  | 191/250 [26:14<07:37,  7.75s/epoch, loss=0.976, accuracy=0.582, val_loss=0.931, val_accuracy=0.626]
 77%|███████▋  | 192/250 [26:22<07:29,  7.75s/epoch, loss=0.91, accuracy=0.617, val_loss=0.941, val_accuracy=0.558] 
 77%|███████▋  | 193/250 [26:30<07:23,  7.77s/epoch, loss=0.908, accuracy=0.617, val_loss=0.972, val_accuracy=0.491]
 78%|███████▊  | 194/250 [26:38<07:17,  7.81s/epoch, loss=0.951, accuracy=0.607, val_loss=0.954, val_accuracy=0.626]
 78%|███████▊  | 195/250 [26:45<07:09,  7.81s/epoch, loss=0.94, accuracy=0.615, val_loss=0.956, val_accuracy=0.629] 
 78%|███████▊  | 196/250 [26:53<07:02,  7.82s/epoch, loss=0.892, accuracy=0.641, val_loss=0.921, val_accuracy=0.492]
 79%|███████▉  | 197/250 [27:01<06:55,  7.83s/epoch, loss=0.999, accuracy=0.61, val_loss=1.03, val_accuracy=0.633]  
 79%|███████▉  | 198/250 [27:09<06:48,  7.87s/epoch, loss=1.01, accuracy=0.611, val_loss=0.945, val_accuracy=0.645]
 80%|███████▉  | 199/250 [27:17<06:40,  7.86s/epoch, loss=0.942, accuracy=0.637, val_loss=0.978, val_accuracy=0.639]
 80%|████████  | 200/250 [27:25<06:33,  7.87s/epoch, loss=0.987, accuracy=0.635, val_loss=0.982, val_accuracy=0.63] 
 80%|████████  | 201/250 [27:33<06:26,  7.89s/epoch, loss=0.958, accuracy=0.631, val_loss=0.914, val_accuracy=0.661]
 81%|████████  | 202/250 [27:41<06:19,  7.91s/epoch, loss=0.939, accuracy=0.629, val_loss=0.97, val_accuracy=0.565] 
 81%|████████  | 203/250 [27:49<06:10,  7.89s/epoch, loss=0.942, accuracy=0.621, val_loss=0.941, val_accuracy=0.607]
 82%|████████▏ | 204/250 [27:56<06:02,  7.88s/epoch, loss=0.917, accuracy=0.611, val_loss=0.892, val_accuracy=0.636]
 82%|████████▏ | 205/250 [28:04<05:55,  7.90s/epoch, loss=0.884, accuracy=0.64, val_loss=0.86, val_accuracy=0.64]   
 82%|████████▏ | 206/250 [28:12<05:47,  7.90s/epoch, loss=0.854, accuracy=0.651, val_loss=0.834, val_accuracy=0.673]
 83%|████████▎ | 207/250 [28:20<05:39,  7.89s/epoch, loss=0.881, accuracy=0.629, val_loss=0.974, val_accuracy=0.642]
 83%|████████▎ | 208/250 [28:28<05:31,  7.89s/epoch, loss=0.958, accuracy=0.635, val_loss=0.963, val_accuracy=0.637]
 84%|████████▎ | 209/250 [28:36<05:23,  7.89s/epoch, loss=0.947, accuracy=0.646, val_loss=0.944, val_accuracy=0.61] 
 84%|████████▍ | 210/250 [28:44<05:15,  7.90s/epoch, loss=0.97, accuracy=0.619, val_loss=1.01, val_accuracy=0.51]  
 84%|████████▍ | 211/250 [28:52<05:08,  7.91s/epoch, loss=0.944, accuracy=0.631, val_loss=0.941, val_accuracy=0.602]
 85%|████████▍ | 212/250 [29:00<05:00,  7.92s/epoch, loss=0.897, accuracy=0.644, val_loss=0.871, val_accuracy=0.648]
 85%|████████▌ | 213/250 [29:08<04:52,  7.90s/epoch, loss=0.833, accuracy=0.686, val_loss=0.824, val_accuracy=0.701]
 86%|████████▌ | 214/250 [29:15<04:43,  7.87s/epoch, loss=0.851, accuracy=0.674, val_loss=0.85, val_accuracy=0.685] 
 86%|████████▌ | 215/250 [29:23<04:34,  7.85s/epoch, loss=0.879, accuracy=0.644, val_loss=0.888, val_accuracy=0.64]
 86%|████████▋ | 216/250 [29:31<04:26,  7.85s/epoch, loss=0.9, accuracy=0.605, val_loss=0.933, val_accuracy=0.544] 
 87%|████████▋ | 217/250 [29:39<04:19,  7.87s/epoch, loss=0.878, accuracy=0.634, val_loss=0.841, val_accuracy=0.674]
 87%|████████▋ | 218/250 [29:47<04:12,  7.89s/epoch, loss=0.932, accuracy=0.624, val_loss=0.956, val_accuracy=0.625]
 88%|████████▊ | 219/250 [29:55<04:05,  7.92s/epoch, loss=0.975, accuracy=0.597, val_loss=0.966, val_accuracy=0.563]
 88%|████████▊ | 220/250 [30:03<03:57,  7.91s/epoch, loss=0.952, accuracy=0.607, val_loss=0.925, val_accuracy=0.617]
 88%|████████▊ | 221/250 [30:11<03:48,  7.88s/epoch, loss=0.911, accuracy=0.613, val_loss=0.894, val_accuracy=0.635]
 89%|████████▉ | 222/250 [30:18<03:40,  7.89s/epoch, loss=0.889, accuracy=0.618, val_loss=0.897, val_accuracy=0.603]
 89%|████████▉ | 223/250 [30:26<03:33,  7.90s/epoch, loss=0.895, accuracy=0.578, val_loss=0.924, val_accuracy=0.563]
 90%|████████▉ | 224/250 [30:34<03:25,  7.92s/epoch, loss=0.878, accuracy=0.592, val_loss=0.878, val_accuracy=0.589]
 90%|█████████ | 225/250 [30:42<03:17,  7.92s/epoch, loss=0.862, accuracy=0.603, val_loss=0.863, val_accuracy=0.605]
 90%|█████████ | 226/250 [30:50<03:10,  7.92s/epoch, loss=1.01, accuracy=0.623, val_loss=1.46, val_accuracy=0.642]  
 91%|█████████ | 227/250 [30:58<03:03,  7.96s/epoch, loss=1.41, accuracy=0.622, val_loss=1.33, val_accuracy=0.646]
 91%|█████████ | 228/250 [31:06<02:55,  7.97s/epoch, loss=1.26, accuracy=0.638, val_loss=1.23, val_accuracy=0.516]
 92%|█████████▏| 229/250 [31:14<02:47,  7.95s/epoch, loss=1.15, accuracy=0.629, val_loss=1.09, val_accuracy=0.65] 
 92%|█████████▏| 230/250 [31:22<02:38,  7.93s/epoch, loss=1.05, accuracy=0.664, val_loss=1.03, val_accuracy=0.645]
 92%|█████████▏| 231/250 [31:30<02:30,  7.90s/epoch, loss=1.03, accuracy=0.636, val_loss=1.07, val_accuracy=0.54] 
 93%|█████████▎| 232/250 [31:38<02:22,  7.91s/epoch, loss=1.06, accuracy=0.546, val_loss=1.03, val_accuracy=0.497]
 93%|█████████▎| 233/250 [31:46<02:13,  7.88s/epoch, loss=0.978, accuracy=0.591, val_loss=0.938, val_accuracy=0.62]
 94%|█████████▎| 234/250 [31:53<02:05,  7.86s/epoch, loss=0.927, accuracy=0.618, val_loss=0.928, val_accuracy=0.614]
 94%|█████████▍| 235/250 [32:01<01:57,  7.84s/epoch, loss=0.899, accuracy=0.609, val_loss=0.946, val_accuracy=0.568]
 94%|█████████▍| 236/250 [32:09<01:49,  7.83s/epoch, loss=0.878, accuracy=0.64, val_loss=0.915, val_accuracy=0.601] 
 95%|█████████▍| 237/250 [32:17<01:42,  7.85s/epoch, loss=0.904, accuracy=0.605, val_loss=0.893, val_accuracy=0.603]
 95%|█████████▌| 238/250 [32:25<01:34,  7.85s/epoch, loss=0.892, accuracy=0.605, val_loss=0.916, val_accuracy=0.587]
 96%|█████████▌| 239/250 [32:33<01:26,  7.84s/epoch, loss=0.885, accuracy=0.583, val_loss=0.865, val_accuracy=0.606]
 96%|█████████▌| 240/250 [32:40<01:18,  7.83s/epoch, loss=0.856, accuracy=0.593, val_loss=0.861, val_accuracy=0.528]
 96%|█████████▋| 241/250 [32:48<01:10,  7.78s/epoch, loss=0.86, accuracy=0.608, val_loss=0.823, val_accuracy=0.66]  
 97%|█████████▋| 242/250 [32:55<01:00,  7.61s/epoch, loss=0.856, accuracy=0.636, val_loss=0.894, val_accuracy=0.604]
 97%|█████████▋| 243/250 [33:03<00:52,  7.52s/epoch, loss=0.915, accuracy=0.614, val_loss=0.906, val_accuracy=0.634]
 98%|█████████▊| 244/250 [33:10<00:45,  7.53s/epoch, loss=0.89, accuracy=0.616, val_loss=0.879, val_accuracy=0.628] 
 98%|█████████▊| 245/250 [33:18<00:37,  7.55s/epoch, loss=0.883, accuracy=0.602, val_loss=0.841, val_accuracy=0.615]
 98%|█████████▊| 246/250 [33:26<00:30,  7.65s/epoch, loss=0.884, accuracy=0.62, val_loss=0.898, val_accuracy=0.624] 
 99%|█████████▉| 247/250 [33:34<00:23,  7.74s/epoch, loss=0.971, accuracy=0.588, val_loss=1.07, val_accuracy=0.498]
 99%|█████████▉| 248/250 [33:41<00:15,  7.78s/epoch, loss=1.04, accuracy=0.541, val_loss=0.982, val_accuracy=0.51] 
100%|█████████▉| 249/250 [33:49<00:07,  7.79s/epoch, loss=0.959, accuracy=0.547, val_loss=0.916, val_accuracy=0.575]
100%|██████████| 250/250 [33:57<00:00,  7.82s/epoch, loss=0.902, accuracy=0.596, val_loss=0.881, val_accuracy=0.631]
100%|██████████| 250/250 [33:57<00:00,  8.15s/epoch, loss=0.902, accuracy=0.596, val_loss=0.881, val_accuracy=0.631]
Test score: 0.46806299686431885
Test accuracy: 0.8373600244522095
